
      lxc-start 1500040737.962 WARN     lxc_log - log.c:lxc_log_init:331 - lxc_log_init called with log already initialized
      lxc-start 1500040737.964 DEBUG    lxc_conf - conf.c:lxc_create_tty:3813 - allocated pty '/dev/pts/1' (5/6)
      lxc-start 1500040737.964 DEBUG    lxc_conf - conf.c:lxc_create_tty:3813 - allocated pty '/dev/pts/2' (7/8)
      lxc-start 1500040737.964 DEBUG    lxc_conf - conf.c:lxc_create_tty:3813 - allocated pty '/dev/pts/3' (9/10)
      lxc-start 1500040737.964 DEBUG    lxc_conf - conf.c:lxc_create_tty:3813 - allocated pty '/dev/pts/4' (11/12)
      lxc-start 1500040737.964 INFO     lxc_conf - conf.c:lxc_create_tty:3824 - tty's configured
      lxc-start 1500040737.964 DEBUG    lxc_start - start.c:setup_signal_fd:264 - sigchild handler set
      lxc-start 1500040737.964 DEBUG    console - console.c:lxc_console_peer_default:500 - opening /dev/tty for console peer
      lxc-start 1500040737.964 DEBUG    console - console.c:lxc_console_peer_default:506 - using '/dev/tty' as console
      lxc-start 1500040737.964 DEBUG    console - console.c:lxc_console_sigwinch_init:179 - 50222 got SIGWINCH fd 17
      lxc-start 1500040737.964 DEBUG    console - console.c:lxc_console_winsz:88 - set winsz dstfd:14 cols:236 rows:67
      lxc-start 1500040737.964 INFO     lxc_start - start.c:lxc_init:467 - 'yyz-test' is initialized
      lxc-start 1500040737.965 DEBUG    lxc_start - start.c:__lxc_start:1147 - Not dropping cap_sys_boot or watching utmp
      lxc-start 1500040737.972 DEBUG    lxc_conf - conf.c:instantiate_veth:3129 - instantiated veth 'vethVQWE7L/veth8EKNAM', index is '100'
      lxc-start 1500040737.972 INFO     lxc_cgroup - cgroup.c:cgroup_init:62 - cgroup driver cgroupfs initing for yyz-test
      lxc-start 1500040738.000 DEBUG    lxc_cgfs - cgfs.c:do_setup_cgroup_limits:2106 - cgroup 'devices.deny' set to 'a'
      lxc-start 1500040738.000 DEBUG    lxc_cgfs - cgfs.c:do_setup_cgroup_limits:2106 - cgroup 'devices.allow' set to 'c *:* m'
      lxc-start 1500040738.000 DEBUG    lxc_cgfs - cgfs.c:do_setup_cgroup_limits:2106 - cgroup 'devices.allow' set to 'b *:* m'
      lxc-start 1500040738.000 DEBUG    lxc_cgfs - cgfs.c:do_setup_cgroup_limits:2106 - cgroup 'devices.allow' set to 'c 1:3 rwm'
      lxc-start 1500040738.000 DEBUG    lxc_cgfs - cgfs.c:do_setup_cgroup_limits:2106 - cgroup 'devices.allow' set to 'c 1:5 rwm'
      lxc-start 1500040738.000 DEBUG    lxc_cgfs - cgfs.c:do_setup_cgroup_limits:2106 - cgroup 'devices.allow' set to 'c 1:7 rwm'
      lxc-start 1500040738.000 DEBUG    lxc_cgfs - cgfs.c:do_setup_cgroup_limits:2106 - cgroup 'devices.allow' set to 'c 5:0 rwm'
      lxc-start 1500040738.000 DEBUG    lxc_cgfs - cgfs.c:do_setup_cgroup_limits:2106 - cgroup 'devices.allow' set to 'c 1:8 rwm'
      lxc-start 1500040738.000 DEBUG    lxc_cgfs - cgfs.c:do_setup_cgroup_limits:2106 - cgroup 'devices.allow' set to 'c 1:9 rwm'
      lxc-start 1500040738.000 DEBUG    lxc_cgfs - cgfs.c:do_setup_cgroup_limits:2106 - cgroup 'devices.allow' set to 'c 136:* rwm'
      lxc-start 1500040738.000 DEBUG    lxc_cgfs - cgfs.c:do_setup_cgroup_limits:2106 - cgroup 'devices.allow' set to 'c 5:2 rwm'
      lxc-start 1500040738.000 DEBUG    lxc_cgfs - cgfs.c:do_setup_cgroup_limits:2106 - cgroup 'devices.allow' set to 'c 10:229 rwm'
      lxc-start 1500040738.000 DEBUG    lxc_cgfs - cgfs.c:do_setup_cgroup_limits:2106 - cgroup 'memory.limit_in_bytes' set to '512M'
      lxc-start 1500040738.000 DEBUG    lxc_cgfs - cgfs.c:do_setup_cgroup_limits:2106 - cgroup 'cpuset.cpus' set to '0'
      lxc-start 1500040738.000 INFO     lxc_cgfs - cgfs.c:do_setup_cgroup_limits:2110 - cgroup has been setup
      lxc-start 1500040738.009 DEBUG    lxc_conf - conf.c:lxc_assign_network:3565 - move '(null)' to '50228'
      lxc-start 1500040738.009 ERROR    lxc_start - start.c:print_top_failing_dir:102 - No such file or directory - could not access /usr/local/var/lib.  Please grant it 'x' access, or add an ACL for the container root.
      lxc-start 1500040738.015 ERROR    lxc_sync - sync.c:__sync_wait:57 - An error occurred in another process (expected sequence number 3)
      lxc-start 1500040738.015 WARN     lxc_conf - conf.c:lxc_delete_network:3434 - failed to remove interface 100 '(null)'
      lxc-start 1500040738.016 ERROR    lxc_start - start.c:__lxc_start:1169 - failed to spawn 'yyz-test'
      lxc-start 1500040738.017 WARN     lxc_conf - conf.c:lxc_delete_autodev:1590 - Failed to locate autodev /dev/.lxc and /dev/.lxc/user.
      lxc-start 1500040738.027 ERROR    lxc_start_ui - lxc_start.c:main:344 - The container failed to start.
      lxc-start 1500040738.027 ERROR    lxc_start_ui - lxc_start.c:main:348 - Additional information can be obtained by setting the --logfile and --logpriority options.
      lxc-start 1500041302.806 WARN     lxc_log - log.c:lxc_log_init:331 - lxc_log_init called with log already initialized
      lxc-start 1500041302.809 DEBUG    lxc_conf - conf.c:lxc_create_tty:3813 - allocated pty '/dev/pts/1' (5/6)
      lxc-start 1500041302.809 DEBUG    lxc_conf - conf.c:lxc_create_tty:3813 - allocated pty '/dev/pts/2' (7/8)
      lxc-start 1500041302.810 DEBUG    lxc_conf - conf.c:lxc_create_tty:3813 - allocated pty '/dev/pts/3' (9/10)
      lxc-start 1500041302.810 DEBUG    lxc_conf - conf.c:lxc_create_tty:3813 - allocated pty '/dev/pts/4' (11/12)
      lxc-start 1500041302.810 INFO     lxc_conf - conf.c:lxc_create_tty:3824 - tty's configured
      lxc-start 1500041302.810 DEBUG    lxc_start - start.c:setup_signal_fd:264 - sigchild handler set
      lxc-start 1500041302.810 DEBUG    console - console.c:lxc_console_peer_default:500 - opening /dev/tty for console peer
      lxc-start 1500041302.810 DEBUG    console - console.c:lxc_console_peer_default:506 - using '/dev/tty' as console
      lxc-start 1500041302.810 DEBUG    console - console.c:lxc_console_sigwinch_init:179 - 50603 got SIGWINCH fd 17
      lxc-start 1500041302.810 DEBUG    console - console.c:lxc_console_winsz:88 - set winsz dstfd:14 cols:236 rows:67
      lxc-start 1500041302.810 INFO     lxc_start - start.c:lxc_init:467 - 'yyz-test' is initialized
      lxc-start 1500041302.811 DEBUG    lxc_start - start.c:__lxc_start:1147 - Not dropping cap_sys_boot or watching utmp
      lxc-start 1500041302.820 DEBUG    lxc_conf - conf.c:instantiate_veth:3129 - instantiated veth 'vethPKQJ6D/vethF8AXBN', index is '102'
      lxc-start 1500041302.821 INFO     lxc_cgroup - cgroup.c:cgroup_init:62 - cgroup driver cgroupfs initing for yyz-test
      lxc-start 1500041302.876 DEBUG    lxc_cgfs - cgfs.c:do_setup_cgroup_limits:2106 - cgroup 'devices.deny' set to 'a'
      lxc-start 1500041302.876 DEBUG    lxc_cgfs - cgfs.c:do_setup_cgroup_limits:2106 - cgroup 'devices.allow' set to 'c *:* m'
      lxc-start 1500041302.876 DEBUG    lxc_cgfs - cgfs.c:do_setup_cgroup_limits:2106 - cgroup 'devices.allow' set to 'b *:* m'
      lxc-start 1500041302.876 DEBUG    lxc_cgfs - cgfs.c:do_setup_cgroup_limits:2106 - cgroup 'devices.allow' set to 'c 1:3 rwm'
      lxc-start 1500041302.876 DEBUG    lxc_cgfs - cgfs.c:do_setup_cgroup_limits:2106 - cgroup 'devices.allow' set to 'c 1:5 rwm'
      lxc-start 1500041302.876 DEBUG    lxc_cgfs - cgfs.c:do_setup_cgroup_limits:2106 - cgroup 'devices.allow' set to 'c 1:7 rwm'
      lxc-start 1500041302.876 DEBUG    lxc_cgfs - cgfs.c:do_setup_cgroup_limits:2106 - cgroup 'devices.allow' set to 'c 5:0 rwm'
      lxc-start 1500041302.876 DEBUG    lxc_cgfs - cgfs.c:do_setup_cgroup_limits:2106 - cgroup 'devices.allow' set to 'c 1:8 rwm'
      lxc-start 1500041302.876 DEBUG    lxc_cgfs - cgfs.c:do_setup_cgroup_limits:2106 - cgroup 'devices.allow' set to 'c 1:9 rwm'
      lxc-start 1500041302.876 DEBUG    lxc_cgfs - cgfs.c:do_setup_cgroup_limits:2106 - cgroup 'devices.allow' set to 'c 136:* rwm'
      lxc-start 1500041302.876 DEBUG    lxc_cgfs - cgfs.c:do_setup_cgroup_limits:2106 - cgroup 'devices.allow' set to 'c 5:2 rwm'
      lxc-start 1500041302.876 DEBUG    lxc_cgfs - cgfs.c:do_setup_cgroup_limits:2106 - cgroup 'devices.allow' set to 'c 10:229 rwm'
      lxc-start 1500041302.876 DEBUG    lxc_cgfs - cgfs.c:do_setup_cgroup_limits:2106 - cgroup 'memory.limit_in_bytes' set to '512M'
      lxc-start 1500041302.876 DEBUG    lxc_cgfs - cgfs.c:do_setup_cgroup_limits:2106 - cgroup 'cpuset.cpus' set to '0'
      lxc-start 1500041302.876 INFO     lxc_cgfs - cgfs.c:do_setup_cgroup_limits:2110 - cgroup has been setup
      lxc-start 1500041302.890 DEBUG    lxc_conf - conf.c:lxc_assign_network:3565 - move '(null)' to '50609'
      lxc-start 1500041302.890 ERROR    lxc_start - start.c:print_top_failing_dir:102 - No such file or directory - could not access /usr/local/var/lib.  Please grant it 'x' access, or add an ACL for the container root.
      lxc-start 1500041302.891 ERROR    lxc_sync - sync.c:__sync_wait:57 - An error occurred in another process (expected sequence number 3)
      lxc-start 1500041302.891 WARN     lxc_conf - conf.c:lxc_delete_network:3434 - failed to remove interface 102 '(null)'
      lxc-start 1500041302.892 ERROR    lxc_start - start.c:__lxc_start:1169 - failed to spawn 'yyz-test'
      lxc-start 1500041302.893 WARN     lxc_conf - conf.c:lxc_delete_autodev:1590 - Failed to locate autodev /dev/.lxc and /dev/.lxc/user.
      lxc-start 1500041302.909 ERROR    lxc_start_ui - lxc_start.c:main:344 - The container failed to start.
      lxc-start 1500041302.909 ERROR    lxc_start_ui - lxc_start.c:main:348 - Additional information can be obtained by setting the --logfile and --logpriority options.
      lxc-start 1500041310.526 WARN     lxc_log - log.c:lxc_log_init:331 - lxc_log_init called with log already initialized
      lxc-start 1500041310.529 DEBUG    lxc_conf - conf.c:lxc_create_tty:3813 - allocated pty '/dev/pts/1' (5/6)
      lxc-start 1500041310.530 DEBUG    lxc_conf - conf.c:lxc_create_tty:3813 - allocated pty '/dev/pts/2' (7/8)
      lxc-start 1500041310.530 DEBUG    lxc_conf - conf.c:lxc_create_tty:3813 - allocated pty '/dev/pts/3' (9/10)
      lxc-start 1500041310.530 DEBUG    lxc_conf - conf.c:lxc_create_tty:3813 - allocated pty '/dev/pts/4' (11/12)
      lxc-start 1500041310.530 INFO     lxc_conf - conf.c:lxc_create_tty:3824 - tty's configured
      lxc-start 1500041310.530 DEBUG    lxc_start - start.c:setup_signal_fd:264 - sigchild handler set
      lxc-start 1500041310.530 DEBUG    console - console.c:lxc_console_peer_default:500 - opening /dev/tty for console peer
      lxc-start 1500041310.530 DEBUG    console - console.c:lxc_console_peer_default:506 - using '/dev/tty' as console
      lxc-start 1500041310.530 DEBUG    console - console.c:lxc_console_sigwinch_init:179 - 50616 got SIGWINCH fd 17
      lxc-start 1500041310.530 DEBUG    console - console.c:lxc_console_winsz:88 - set winsz dstfd:14 cols:236 rows:67
      lxc-start 1500041310.530 INFO     lxc_start - start.c:lxc_init:467 - 'yyz-test' is initialized
      lxc-start 1500041310.531 DEBUG    lxc_start - start.c:__lxc_start:1147 - Not dropping cap_sys_boot or watching utmp
      lxc-start 1500041310.539 DEBUG    lxc_conf - conf.c:instantiate_veth:3129 - instantiated veth 'vethISNBJ0/veth7Y05XO', index is '104'
      lxc-start 1500041310.539 INFO     lxc_cgroup - cgroup.c:cgroup_init:62 - cgroup driver cgroupfs initing for yyz-test
      lxc-start 1500041310.573 DEBUG    lxc_cgfs - cgfs.c:do_setup_cgroup_limits:2110 - cgroup 'devices.deny' set to 'a'
      lxc-start 1500041310.573 DEBUG    lxc_cgfs - cgfs.c:do_setup_cgroup_limits:2110 - cgroup 'devices.allow' set to 'c *:* m'
      lxc-start 1500041310.573 DEBUG    lxc_cgfs - cgfs.c:do_setup_cgroup_limits:2110 - cgroup 'devices.allow' set to 'b *:* m'
      lxc-start 1500041310.573 DEBUG    lxc_cgfs - cgfs.c:do_setup_cgroup_limits:2110 - cgroup 'devices.allow' set to 'c 1:3 rwm'
      lxc-start 1500041310.573 DEBUG    lxc_cgfs - cgfs.c:do_setup_cgroup_limits:2110 - cgroup 'devices.allow' set to 'c 1:5 rwm'
      lxc-start 1500041310.573 DEBUG    lxc_cgfs - cgfs.c:do_setup_cgroup_limits:2110 - cgroup 'devices.allow' set to 'c 1:7 rwm'
      lxc-start 1500041310.573 DEBUG    lxc_cgfs - cgfs.c:do_setup_cgroup_limits:2110 - cgroup 'devices.allow' set to 'c 5:0 rwm'
      lxc-start 1500041310.573 DEBUG    lxc_cgfs - cgfs.c:do_setup_cgroup_limits:2110 - cgroup 'devices.allow' set to 'c 1:8 rwm'
      lxc-start 1500041310.573 DEBUG    lxc_cgfs - cgfs.c:do_setup_cgroup_limits:2110 - cgroup 'devices.allow' set to 'c 1:9 rwm'
      lxc-start 1500041310.573 DEBUG    lxc_cgfs - cgfs.c:do_setup_cgroup_limits:2110 - cgroup 'devices.allow' set to 'c 136:* rwm'
      lxc-start 1500041310.573 DEBUG    lxc_cgfs - cgfs.c:do_setup_cgroup_limits:2110 - cgroup 'devices.allow' set to 'c 5:2 rwm'
      lxc-start 1500041310.573 DEBUG    lxc_cgfs - cgfs.c:do_setup_cgroup_limits:2110 - cgroup 'devices.allow' set to 'c 10:229 rwm'
      lxc-start 1500041310.573 DEBUG    lxc_cgfs - cgfs.c:do_setup_cgroup_limits:2110 - cgroup 'memory.limit_in_bytes' set to '512M'
      lxc-start 1500041310.573 DEBUG    lxc_cgfs - cgfs.c:do_setup_cgroup_limits:2110 - cgroup 'cpuset.cpus' set to '0'
      lxc-start 1500041310.573 INFO     lxc_cgfs - cgfs.c:do_setup_cgroup_limits:2114 - cgroup has been setup
      lxc-start 1500041310.578 DEBUG    lxc_conf - conf.c:lxc_assign_network:3565 - move '(null)' to '50620'
      lxc-start 1500041310.579 ERROR    lxc_start - start.c:print_top_failing_dir:102 - No such file or directory - could not access /usr/local/var/lib.  Please grant it 'x' access, or add an ACL for the container root.
      lxc-start 1500041310.579 ERROR    lxc_sync - sync.c:__sync_wait:57 - An error occurred in another process (expected sequence number 3)
      lxc-start 1500041310.579 WARN     lxc_conf - conf.c:lxc_delete_network:3434 - failed to remove interface 104 '(null)'
      lxc-start 1500041310.579 ERROR    lxc_start - start.c:__lxc_start:1169 - failed to spawn 'yyz-test'
      lxc-start 1500041310.581 WARN     lxc_conf - conf.c:lxc_delete_autodev:1590 - Failed to locate autodev /dev/.lxc and /dev/.lxc/user.
      lxc-start 1500041310.603 ERROR    lxc_start_ui - lxc_start.c:main:344 - The container failed to start.
      lxc-start 1500041310.603 ERROR    lxc_start_ui - lxc_start.c:main:348 - Additional information can be obtained by setting the --logfile and --logpriority options.
      lxc-start 1500042836.865 WARN     lxc_log - log.c:lxc_log_init:331 - lxc_log_init called with log already initialized
      lxc-start 1500042836.868 DEBUG    lxc_conf - conf.c:lxc_create_tty:3813 - allocated pty '/dev/pts/1' (5/6)
      lxc-start 1500042836.868 DEBUG    lxc_conf - conf.c:lxc_create_tty:3813 - allocated pty '/dev/pts/2' (7/8)
      lxc-start 1500042836.868 DEBUG    lxc_conf - conf.c:lxc_create_tty:3813 - allocated pty '/dev/pts/3' (9/10)
      lxc-start 1500042836.868 DEBUG    lxc_conf - conf.c:lxc_create_tty:3813 - allocated pty '/dev/pts/4' (11/12)
      lxc-start 1500042836.868 INFO     lxc_conf - conf.c:lxc_create_tty:3824 - tty's configured
      lxc-start 1500042836.868 DEBUG    lxc_start - start.c:setup_signal_fd:264 - sigchild handler set
      lxc-start 1500042836.868 DEBUG    console - console.c:lxc_console_peer_default:500 - opening /dev/tty for console peer
      lxc-start 1500042836.868 DEBUG    console - console.c:lxc_console_peer_default:506 - using '/dev/tty' as console
      lxc-start 1500042836.868 DEBUG    console - console.c:lxc_console_sigwinch_init:179 - 50891 got SIGWINCH fd 17
      lxc-start 1500042836.868 DEBUG    console - console.c:lxc_console_winsz:88 - set winsz dstfd:14 cols:236 rows:67
      lxc-start 1500042836.868 INFO     lxc_start - start.c:lxc_init:467 - 'yyz-test' is initialized
      lxc-start 1500042836.869 DEBUG    lxc_start - start.c:__lxc_start:1147 - Not dropping cap_sys_boot or watching utmp
      lxc-start 1500042836.877 DEBUG    lxc_conf - conf.c:instantiate_veth:3129 - instantiated veth 'vethTER2TW/vethB0JYG6', index is '106'
      lxc-start 1500042836.877 INFO     lxc_cgroup - cgroup.c:cgroup_init:62 - cgroup driver cgroupfs initing for yyz-test
      lxc-start 1500042836.919 DEBUG    lxc_cgfs - cgfs.c:do_setup_cgroup_limits:2113 - cgroup 'devices.deny' set to 'a'
      lxc-start 1500042836.919 DEBUG    lxc_cgfs - cgfs.c:do_setup_cgroup_limits:2113 - cgroup 'devices.allow' set to 'c *:* m'
      lxc-start 1500042836.919 DEBUG    lxc_cgfs - cgfs.c:do_setup_cgroup_limits:2113 - cgroup 'devices.allow' set to 'b *:* m'
      lxc-start 1500042836.919 DEBUG    lxc_cgfs - cgfs.c:do_setup_cgroup_limits:2113 - cgroup 'devices.allow' set to 'c 1:3 rwm'
      lxc-start 1500042836.919 DEBUG    lxc_cgfs - cgfs.c:do_setup_cgroup_limits:2113 - cgroup 'devices.allow' set to 'c 1:5 rwm'
      lxc-start 1500042836.919 DEBUG    lxc_cgfs - cgfs.c:do_setup_cgroup_limits:2113 - cgroup 'devices.allow' set to 'c 1:7 rwm'
      lxc-start 1500042836.919 DEBUG    lxc_cgfs - cgfs.c:do_setup_cgroup_limits:2113 - cgroup 'devices.allow' set to 'c 5:0 rwm'
      lxc-start 1500042836.919 DEBUG    lxc_cgfs - cgfs.c:do_setup_cgroup_limits:2113 - cgroup 'devices.allow' set to 'c 1:8 rwm'
      lxc-start 1500042836.919 DEBUG    lxc_cgfs - cgfs.c:do_setup_cgroup_limits:2113 - cgroup 'devices.allow' set to 'c 1:9 rwm'
      lxc-start 1500042836.919 DEBUG    lxc_cgfs - cgfs.c:do_setup_cgroup_limits:2113 - cgroup 'devices.allow' set to 'c 136:* rwm'
      lxc-start 1500042836.919 DEBUG    lxc_cgfs - cgfs.c:do_setup_cgroup_limits:2113 - cgroup 'devices.allow' set to 'c 5:2 rwm'
      lxc-start 1500042836.919 DEBUG    lxc_cgfs - cgfs.c:do_setup_cgroup_limits:2113 - cgroup 'devices.allow' set to 'c 10:229 rwm'
      lxc-start 1500042836.919 DEBUG    lxc_cgfs - cgfs.c:do_setup_cgroup_limits:2113 - cgroup 'memory.limit_in_bytes' set to '512M'
      lxc-start 1500042836.919 DEBUG    lxc_cgfs - cgfs.c:do_setup_cgroup_limits:2113 - cgroup 'cpuset.cpus' set to '0'
      lxc-start 1500042836.919 INFO     lxc_cgfs - cgfs.c:do_setup_cgroup_limits:2117 - cgroup has been setup
      lxc-start 1500042836.927 DEBUG    lxc_conf - conf.c:lxc_assign_network:3565 - move '(null)' to '50897'
      lxc-start 1500042836.927 ERROR    lxc_start - start.c:print_top_failing_dir:102 - No such file or directory - could not access /usr/local/var/lib.  Please grant it 'x' access, or add an ACL for the container root.
      lxc-start 1500042836.928 ERROR    lxc_sync - sync.c:__sync_wait:57 - An error occurred in another process (expected sequence number 3)
      lxc-start 1500042836.928 WARN     lxc_conf - conf.c:lxc_delete_network:3434 - failed to remove interface 106 '(null)'
      lxc-start 1500042836.928 ERROR    lxc_start - start.c:__lxc_start:1169 - failed to spawn 'yyz-test'
      lxc-start 1500042836.930 WARN     lxc_conf - conf.c:lxc_delete_autodev:1590 - Failed to locate autodev /dev/.lxc and /dev/.lxc/user.
      lxc-start 1500042836.947 ERROR    lxc_start_ui - lxc_start.c:main:344 - The container failed to start.
      lxc-start 1500042836.947 ERROR    lxc_start_ui - lxc_start.c:main:348 - Additional information can be obtained by setting the --logfile and --logpriority options.
      lxc-start 1500042890.216 WARN     lxc_log - log.c:lxc_log_init:331 - lxc_log_init called with log already initialized
      lxc-start 1500042890.218 DEBUG    lxc_conf - conf.c:lxc_create_tty:3813 - allocated pty '/dev/pts/1' (5/6)
      lxc-start 1500042890.218 DEBUG    lxc_conf - conf.c:lxc_create_tty:3813 - allocated pty '/dev/pts/2' (7/8)
      lxc-start 1500042890.218 DEBUG    lxc_conf - conf.c:lxc_create_tty:3813 - allocated pty '/dev/pts/3' (9/10)
      lxc-start 1500042890.218 DEBUG    lxc_conf - conf.c:lxc_create_tty:3813 - allocated pty '/dev/pts/4' (11/12)
      lxc-start 1500042890.218 INFO     lxc_conf - conf.c:lxc_create_tty:3824 - tty's configured
      lxc-start 1500042890.218 DEBUG    lxc_start - start.c:setup_signal_fd:264 - sigchild handler set
      lxc-start 1500042890.219 DEBUG    console - console.c:lxc_console_peer_default:500 - opening /dev/tty for console peer
      lxc-start 1500042890.219 DEBUG    console - console.c:lxc_console_peer_default:506 - using '/dev/tty' as console
      lxc-start 1500042890.219 DEBUG    console - console.c:lxc_console_sigwinch_init:179 - 51090 got SIGWINCH fd 17
      lxc-start 1500042890.219 DEBUG    console - console.c:lxc_console_winsz:88 - set winsz dstfd:14 cols:236 rows:67
      lxc-start 1500042890.219 INFO     lxc_start - start.c:lxc_init:467 - 'yyz-test' is initialized
      lxc-start 1500042890.221 DEBUG    lxc_start - start.c:__lxc_start:1147 - Not dropping cap_sys_boot or watching utmp
      lxc-start 1500042890.228 DEBUG    lxc_conf - conf.c:instantiate_veth:3129 - instantiated veth 'veth23YGO1/veth5YNO2H', index is '108'
      lxc-start 1500042890.228 INFO     lxc_cgroup - cgroup.c:cgroup_init:62 - cgroup driver cgroupfs initing for yyz-test
      lxc-start 1500042890.263 DEBUG    lxc_cgfs - cgfs.c:do_setup_cgroup_limits:2113 - cgroup 'devices.deny' set to 'a'
      lxc-start 1500042890.264 DEBUG    lxc_cgfs - cgfs.c:do_setup_cgroup_limits:2113 - cgroup 'devices.allow' set to 'c *:* m'
      lxc-start 1500042890.264 DEBUG    lxc_cgfs - cgfs.c:do_setup_cgroup_limits:2113 - cgroup 'devices.allow' set to 'b *:* m'
      lxc-start 1500042890.264 DEBUG    lxc_cgfs - cgfs.c:do_setup_cgroup_limits:2113 - cgroup 'devices.allow' set to 'c 1:3 rwm'
      lxc-start 1500042890.264 DEBUG    lxc_cgfs - cgfs.c:do_setup_cgroup_limits:2113 - cgroup 'devices.allow' set to 'c 1:5 rwm'
      lxc-start 1500042890.264 DEBUG    lxc_cgfs - cgfs.c:do_setup_cgroup_limits:2113 - cgroup 'devices.allow' set to 'c 1:7 rwm'
      lxc-start 1500042890.264 DEBUG    lxc_cgfs - cgfs.c:do_setup_cgroup_limits:2113 - cgroup 'devices.allow' set to 'c 5:0 rwm'
      lxc-start 1500042890.264 DEBUG    lxc_cgfs - cgfs.c:do_setup_cgroup_limits:2113 - cgroup 'devices.allow' set to 'c 1:8 rwm'
      lxc-start 1500042890.264 DEBUG    lxc_cgfs - cgfs.c:do_setup_cgroup_limits:2113 - cgroup 'devices.allow' set to 'c 1:9 rwm'
      lxc-start 1500042890.264 DEBUG    lxc_cgfs - cgfs.c:do_setup_cgroup_limits:2113 - cgroup 'devices.allow' set to 'c 136:* rwm'
      lxc-start 1500042890.264 DEBUG    lxc_cgfs - cgfs.c:do_setup_cgroup_limits:2113 - cgroup 'devices.allow' set to 'c 5:2 rwm'
      lxc-start 1500042890.264 DEBUG    lxc_cgfs - cgfs.c:do_setup_cgroup_limits:2113 - cgroup 'devices.allow' set to 'c 10:229 rwm'
      lxc-start 1500042890.264 DEBUG    lxc_cgfs - cgfs.c:do_setup_cgroup_limits:2113 - cgroup 'memory.limit_in_bytes' set to '512M'
      lxc-start 1500042890.264 DEBUG    lxc_cgfs - cgfs.c:do_setup_cgroup_limits:2113 - cgroup 'cpuset.cpus' set to '0'
      lxc-start 1500042890.264 INFO     lxc_cgfs - cgfs.c:do_setup_cgroup_limits:2117 - cgroup has been setup
      lxc-start 1500042890.272 DEBUG    lxc_conf - conf.c:lxc_assign_network:3565 - move '(null)' to '51094'
      lxc-start 1500042890.272 ERROR    lxc_start - start.c:print_top_failing_dir:102 - No such file or directory - could not access /usr/local/var/lib.  Please grant it 'x' access, or add an ACL for the container root.
      lxc-start 1500042890.273 ERROR    lxc_sync - sync.c:__sync_wait:57 - An error occurred in another process (expected sequence number 3)
      lxc-start 1500042890.273 WARN     lxc_conf - conf.c:lxc_delete_network:3434 - failed to remove interface 108 '(null)'
      lxc-start 1500042890.273 ERROR    lxc_start - start.c:__lxc_start:1169 - failed to spawn 'yyz-test'
      lxc-start 1500042890.275 WARN     lxc_conf - conf.c:lxc_delete_autodev:1590 - Failed to locate autodev /dev/.lxc and /dev/.lxc/user.
      lxc-start 1500042890.303 ERROR    lxc_start_ui - lxc_start.c:main:344 - The container failed to start.
      lxc-start 1500042890.303 ERROR    lxc_start_ui - lxc_start.c:main:348 - Additional information can be obtained by setting the --logfile and --logpriority options.
      lxc-start 1500042972.158 WARN     lxc_log - log.c:lxc_log_init:331 - lxc_log_init called with log already initialized
      lxc-start 1500042972.161 DEBUG    lxc_conf - conf.c:lxc_create_tty:3813 - allocated pty '/dev/pts/1' (5/6)
      lxc-start 1500042972.161 DEBUG    lxc_conf - conf.c:lxc_create_tty:3813 - allocated pty '/dev/pts/2' (7/8)
      lxc-start 1500042972.162 DEBUG    lxc_conf - conf.c:lxc_create_tty:3813 - allocated pty '/dev/pts/3' (9/10)
      lxc-start 1500042972.162 DEBUG    lxc_conf - conf.c:lxc_create_tty:3813 - allocated pty '/dev/pts/4' (11/12)
      lxc-start 1500042972.162 INFO     lxc_conf - conf.c:lxc_create_tty:3824 - tty's configured
      lxc-start 1500042972.162 DEBUG    lxc_start - start.c:setup_signal_fd:264 - sigchild handler set
      lxc-start 1500042972.162 DEBUG    console - console.c:lxc_console_peer_default:500 - opening /dev/tty for console peer
      lxc-start 1500042972.162 DEBUG    console - console.c:lxc_console_peer_default:506 - using '/dev/tty' as console
      lxc-start 1500042972.162 DEBUG    console - console.c:lxc_console_sigwinch_init:179 - 51343 got SIGWINCH fd 17
      lxc-start 1500042972.162 DEBUG    console - console.c:lxc_console_winsz:88 - set winsz dstfd:14 cols:236 rows:67
      lxc-start 1500042972.162 INFO     lxc_start - start.c:lxc_init:467 - 'yyz-test' is initialized
      lxc-start 1500042972.163 DEBUG    lxc_start - start.c:__lxc_start:1147 - Not dropping cap_sys_boot or watching utmp
      lxc-start 1500042972.170 DEBUG    lxc_conf - conf.c:instantiate_veth:3129 - instantiated veth 'veth99SLYJ/vethTJG72J', index is '110'
      lxc-start 1500042972.170 INFO     lxc_cgroup - cgroup.c:cgroup_init:62 - cgroup driver cgroupfs initing for yyz-test
      lxc-start 1500042972.202 DEBUG    lxc_cgfs - cgfs.c:do_setup_cgroup_limits:2113 - cgroup 'devices.deny' set to 'a'
      lxc-start 1500042972.202 DEBUG    lxc_cgfs - cgfs.c:do_setup_cgroup_limits:2113 - cgroup 'devices.allow' set to 'c *:* m'
      lxc-start 1500042972.202 DEBUG    lxc_cgfs - cgfs.c:do_setup_cgroup_limits:2113 - cgroup 'devices.allow' set to 'b *:* m'
      lxc-start 1500042972.202 DEBUG    lxc_cgfs - cgfs.c:do_setup_cgroup_limits:2113 - cgroup 'devices.allow' set to 'c 1:3 rwm'
      lxc-start 1500042972.202 DEBUG    lxc_cgfs - cgfs.c:do_setup_cgroup_limits:2113 - cgroup 'devices.allow' set to 'c 1:5 rwm'
      lxc-start 1500042972.202 DEBUG    lxc_cgfs - cgfs.c:do_setup_cgroup_limits:2113 - cgroup 'devices.allow' set to 'c 1:7 rwm'
      lxc-start 1500042972.202 DEBUG    lxc_cgfs - cgfs.c:do_setup_cgroup_limits:2113 - cgroup 'devices.allow' set to 'c 5:0 rwm'
      lxc-start 1500042972.202 DEBUG    lxc_cgfs - cgfs.c:do_setup_cgroup_limits:2113 - cgroup 'devices.allow' set to 'c 1:8 rwm'
      lxc-start 1500042972.202 DEBUG    lxc_cgfs - cgfs.c:do_setup_cgroup_limits:2113 - cgroup 'devices.allow' set to 'c 1:9 rwm'
      lxc-start 1500042972.202 DEBUG    lxc_cgfs - cgfs.c:do_setup_cgroup_limits:2113 - cgroup 'devices.allow' set to 'c 136:* rwm'
      lxc-start 1500042972.202 DEBUG    lxc_cgfs - cgfs.c:do_setup_cgroup_limits:2113 - cgroup 'devices.allow' set to 'c 5:2 rwm'
      lxc-start 1500042972.202 DEBUG    lxc_cgfs - cgfs.c:do_setup_cgroup_limits:2113 - cgroup 'devices.allow' set to 'c 10:229 rwm'
      lxc-start 1500042972.202 DEBUG    lxc_cgfs - cgfs.c:do_setup_cgroup_limits:2113 - cgroup 'memory.limit_in_bytes' set to '512M'
      lxc-start 1500042972.202 DEBUG    lxc_cgfs - cgfs.c:do_setup_cgroup_limits:2113 - cgroup 'cpuset.cpus' set to '0'
      lxc-start 1500042972.202 INFO     lxc_cgfs - cgfs.c:do_setup_cgroup_limits:2117 - cgroup has been setup
      lxc-start 1500042972.208 DEBUG    lxc_conf - conf.c:lxc_assign_network:3565 - move '(null)' to '51349'
      lxc-start 1500042972.209 ERROR    lxc_start - start.c:print_top_failing_dir:102 - No such file or directory - could not access /usr/local/var/lib.  Please grant it 'x' access, or add an ACL for the container root.
      lxc-start 1500042972.209 ERROR    lxc_sync - sync.c:__sync_wait:57 - An error occurred in another process (expected sequence number 3)
      lxc-start 1500042972.209 WARN     lxc_conf - conf.c:lxc_delete_network:3434 - failed to remove interface 110 '(null)'
      lxc-start 1500042972.210 ERROR    lxc_start - start.c:__lxc_start:1169 - failed to spawn 'yyz-test'
      lxc-start 1500042972.212 WARN     lxc_conf - conf.c:lxc_delete_autodev:1590 - Failed to locate autodev /dev/.lxc and /dev/.lxc/user.
      lxc-start 1500042972.232 ERROR    lxc_start_ui - lxc_start.c:main:344 - The container failed to start.
      lxc-start 1500042972.232 ERROR    lxc_start_ui - lxc_start.c:main:348 - Additional information can be obtained by setting the --logfile and --logpriority options.
      lxc-start 1500043081.163 WARN     lxc_log - log.c:lxc_log_init:331 - lxc_log_init called with log already initialized
      lxc-start 1500043081.167 DEBUG    lxc_conf - conf.c:lxc_create_tty:3813 - allocated pty '/dev/pts/1' (5/6)
      lxc-start 1500043081.168 DEBUG    lxc_conf - conf.c:lxc_create_tty:3813 - allocated pty '/dev/pts/2' (7/8)
      lxc-start 1500043081.168 DEBUG    lxc_conf - conf.c:lxc_create_tty:3813 - allocated pty '/dev/pts/3' (9/10)
      lxc-start 1500043081.168 DEBUG    lxc_conf - conf.c:lxc_create_tty:3813 - allocated pty '/dev/pts/4' (11/12)
      lxc-start 1500043081.168 INFO     lxc_conf - conf.c:lxc_create_tty:3824 - tty's configured
      lxc-start 1500043081.168 DEBUG    lxc_start - start.c:setup_signal_fd:264 - sigchild handler set
      lxc-start 1500043081.168 DEBUG    console - console.c:lxc_console_peer_default:500 - opening /dev/tty for console peer
      lxc-start 1500043081.168 DEBUG    console - console.c:lxc_console_peer_default:506 - using '/dev/tty' as console
      lxc-start 1500043081.168 DEBUG    console - console.c:lxc_console_sigwinch_init:179 - 51547 got SIGWINCH fd 17
      lxc-start 1500043081.168 DEBUG    console - console.c:lxc_console_winsz:88 - set winsz dstfd:14 cols:236 rows:67
      lxc-start 1500043081.168 INFO     lxc_start - start.c:lxc_init:467 - 'yyz-test' is initialized
      lxc-start 1500043081.169 DEBUG    lxc_start - start.c:__lxc_start:1147 - Not dropping cap_sys_boot or watching utmp
      lxc-start 1500043081.176 DEBUG    lxc_conf - conf.c:instantiate_veth:3129 - instantiated veth 'vethOU06MF/vethDU9CII', index is '112'
      lxc-start 1500043081.176 INFO     lxc_cgroup - cgroup.c:cgroup_init:62 - cgroup driver cgroupfs initing for yyz-test
      lxc-start 1500043081.211 DEBUG    lxc_cgfs - cgfs.c:do_setup_cgroup_limits:2114 - cgroup 'devices.deny' set to 'a'
      lxc-start 1500043081.211 DEBUG    lxc_cgfs - cgfs.c:do_setup_cgroup_limits:2114 - cgroup 'devices.allow' set to 'c *:* m'
      lxc-start 1500043081.211 DEBUG    lxc_cgfs - cgfs.c:do_setup_cgroup_limits:2114 - cgroup 'devices.allow' set to 'b *:* m'
      lxc-start 1500043081.211 DEBUG    lxc_cgfs - cgfs.c:do_setup_cgroup_limits:2114 - cgroup 'devices.allow' set to 'c 1:3 rwm'
      lxc-start 1500043081.211 DEBUG    lxc_cgfs - cgfs.c:do_setup_cgroup_limits:2114 - cgroup 'devices.allow' set to 'c 1:5 rwm'
      lxc-start 1500043081.211 DEBUG    lxc_cgfs - cgfs.c:do_setup_cgroup_limits:2114 - cgroup 'devices.allow' set to 'c 1:7 rwm'
      lxc-start 1500043081.211 DEBUG    lxc_cgfs - cgfs.c:do_setup_cgroup_limits:2114 - cgroup 'devices.allow' set to 'c 5:0 rwm'
      lxc-start 1500043081.211 DEBUG    lxc_cgfs - cgfs.c:do_setup_cgroup_limits:2114 - cgroup 'devices.allow' set to 'c 1:8 rwm'
      lxc-start 1500043081.211 DEBUG    lxc_cgfs - cgfs.c:do_setup_cgroup_limits:2114 - cgroup 'devices.allow' set to 'c 1:9 rwm'
      lxc-start 1500043081.211 DEBUG    lxc_cgfs - cgfs.c:do_setup_cgroup_limits:2114 - cgroup 'devices.allow' set to 'c 136:* rwm'
      lxc-start 1500043081.211 DEBUG    lxc_cgfs - cgfs.c:do_setup_cgroup_limits:2114 - cgroup 'devices.allow' set to 'c 5:2 rwm'
      lxc-start 1500043081.211 DEBUG    lxc_cgfs - cgfs.c:do_setup_cgroup_limits:2114 - cgroup 'devices.allow' set to 'c 10:229 rwm'
      lxc-start 1500043081.211 DEBUG    lxc_cgfs - cgfs.c:do_setup_cgroup_limits:2114 - cgroup 'memory.limit_in_bytes' set to '512M'
      lxc-start 1500043081.211 DEBUG    lxc_cgfs - cgfs.c:do_setup_cgroup_limits:2114 - cgroup 'cpuset.cpus' set to '0'
      lxc-start 1500043081.211 INFO     lxc_cgfs - cgfs.c:do_setup_cgroup_limits:2118 - cgroup has been setup
      lxc-start 1500043081.221 DEBUG    lxc_conf - conf.c:lxc_assign_network:3565 - move '(null)' to '51552'
      lxc-start 1500043081.221 ERROR    lxc_start - start.c:print_top_failing_dir:102 - No such file or directory - could not access /usr/local/var/lib.  Please grant it 'x' access, or add an ACL for the container root.
      lxc-start 1500043081.227 ERROR    lxc_sync - sync.c:__sync_wait:57 - An error occurred in another process (expected sequence number 3)
      lxc-start 1500043081.228 WARN     lxc_conf - conf.c:lxc_delete_network:3434 - failed to remove interface 112 '(null)'
      lxc-start 1500043081.228 ERROR    lxc_start - start.c:__lxc_start:1169 - failed to spawn 'yyz-test'
      lxc-start 1500043081.229 WARN     lxc_conf - conf.c:lxc_delete_autodev:1590 - Failed to locate autodev /dev/.lxc and /dev/.lxc/user.
      lxc-start 1500043081.236 ERROR    lxc_start_ui - lxc_start.c:main:344 - The container failed to start.
      lxc-start 1500043081.236 ERROR    lxc_start_ui - lxc_start.c:main:348 - Additional information can be obtained by setting the --logfile and --logpriority options.
      lxc-start 1500043206.258 WARN     lxc_log - log.c:lxc_log_init:331 - lxc_log_init called with log already initialized
      lxc-start 1500043206.261 DEBUG    lxc_conf - conf.c:lxc_create_tty:3813 - allocated pty '/dev/pts/1' (5/6)
      lxc-start 1500043206.261 DEBUG    lxc_conf - conf.c:lxc_create_tty:3813 - allocated pty '/dev/pts/2' (7/8)
      lxc-start 1500043206.261 DEBUG    lxc_conf - conf.c:lxc_create_tty:3813 - allocated pty '/dev/pts/3' (9/10)
      lxc-start 1500043206.261 DEBUG    lxc_conf - conf.c:lxc_create_tty:3813 - allocated pty '/dev/pts/4' (11/12)
      lxc-start 1500043206.261 INFO     lxc_conf - conf.c:lxc_create_tty:3824 - tty's configured
      lxc-start 1500043206.261 DEBUG    lxc_start - start.c:setup_signal_fd:264 - sigchild handler set
      lxc-start 1500043206.261 DEBUG    console - console.c:lxc_console_peer_default:500 - opening /dev/tty for console peer
      lxc-start 1500043206.261 DEBUG    console - console.c:lxc_console_peer_default:506 - using '/dev/tty' as console
      lxc-start 1500043206.261 DEBUG    console - console.c:lxc_console_sigwinch_init:179 - 51749 got SIGWINCH fd 17
      lxc-start 1500043206.261 DEBUG    console - console.c:lxc_console_winsz:88 - set winsz dstfd:14 cols:236 rows:67
      lxc-start 1500043206.261 INFO     lxc_start - start.c:lxc_init:467 - 'yyz-test' is initialized
      lxc-start 1500043206.263 DEBUG    lxc_start - start.c:__lxc_start:1147 - Not dropping cap_sys_boot or watching utmp
      lxc-start 1500043206.272 DEBUG    lxc_conf - conf.c:instantiate_veth:3129 - instantiated veth 'vethSKQB3I/veth4QCGP9', index is '114'
      lxc-start 1500043206.272 INFO     lxc_cgroup - cgroup.c:cgroup_init:62 - cgroup driver cgroupfs initing for yyz-test
      lxc-start 1500043206.307 DEBUG    lxc_cgfs - cgfs.c:do_setup_cgroup_limits:2114 - cgroup 'devices.deny' set to 'a'
      lxc-start 1500043206.307 DEBUG    lxc_cgfs - cgfs.c:do_setup_cgroup_limits:2114 - cgroup 'devices.allow' set to 'c *:* m'
      lxc-start 1500043206.307 DEBUG    lxc_cgfs - cgfs.c:do_setup_cgroup_limits:2114 - cgroup 'devices.allow' set to 'b *:* m'
      lxc-start 1500043206.307 DEBUG    lxc_cgfs - cgfs.c:do_setup_cgroup_limits:2114 - cgroup 'devices.allow' set to 'c 1:3 rwm'
      lxc-start 1500043206.307 DEBUG    lxc_cgfs - cgfs.c:do_setup_cgroup_limits:2114 - cgroup 'devices.allow' set to 'c 1:5 rwm'
      lxc-start 1500043206.307 DEBUG    lxc_cgfs - cgfs.c:do_setup_cgroup_limits:2114 - cgroup 'devices.allow' set to 'c 1:7 rwm'
      lxc-start 1500043206.307 DEBUG    lxc_cgfs - cgfs.c:do_setup_cgroup_limits:2114 - cgroup 'devices.allow' set to 'c 5:0 rwm'
      lxc-start 1500043206.307 DEBUG    lxc_cgfs - cgfs.c:do_setup_cgroup_limits:2114 - cgroup 'devices.allow' set to 'c 1:8 rwm'
      lxc-start 1500043206.307 DEBUG    lxc_cgfs - cgfs.c:do_setup_cgroup_limits:2114 - cgroup 'devices.allow' set to 'c 1:9 rwm'
      lxc-start 1500043206.307 DEBUG    lxc_cgfs - cgfs.c:do_setup_cgroup_limits:2114 - cgroup 'devices.allow' set to 'c 136:* rwm'
      lxc-start 1500043206.307 DEBUG    lxc_cgfs - cgfs.c:do_setup_cgroup_limits:2114 - cgroup 'devices.allow' set to 'c 5:2 rwm'
      lxc-start 1500043206.307 DEBUG    lxc_cgfs - cgfs.c:do_setup_cgroup_limits:2114 - cgroup 'devices.allow' set to 'c 10:229 rwm'
      lxc-start 1500043206.307 DEBUG    lxc_cgfs - cgfs.c:do_setup_cgroup_limits:2114 - cgroup 'memory.limit_in_bytes' set to '512M'
      lxc-start 1500043206.308 DEBUG    lxc_cgfs - cgfs.c:do_setup_cgroup_limits:2114 - cgroup 'cpuset.cpus' set to '0'
      lxc-start 1500043206.308 INFO     lxc_cgfs - cgfs.c:do_setup_cgroup_limits:2118 - cgroup has been setup
      lxc-start 1500043206.313 DEBUG    lxc_conf - conf.c:lxc_assign_network:3565 - move '(null)' to '51754'
      lxc-start 1500043206.313 ERROR    lxc_start - start.c:print_top_failing_dir:102 - No such file or directory - could not access /usr/local/var/lib.  Please grant it 'x' access, or add an ACL for the container root.
      lxc-start 1500043206.322 ERROR    lxc_sync - sync.c:__sync_wait:57 - An error occurred in another process (expected sequence number 3)
      lxc-start 1500043206.322 WARN     lxc_conf - conf.c:lxc_delete_network:3434 - failed to remove interface 114 '(null)'
      lxc-start 1500043206.322 ERROR    lxc_start - start.c:__lxc_start:1169 - failed to spawn 'yyz-test'
      lxc-start 1500043206.323 WARN     lxc_conf - conf.c:lxc_delete_autodev:1590 - Failed to locate autodev /dev/.lxc and /dev/.lxc/user.
      lxc-start 1500043206.329 ERROR    lxc_start_ui - lxc_start.c:main:344 - The container failed to start.
      lxc-start 1500043206.329 ERROR    lxc_start_ui - lxc_start.c:main:348 - Additional information can be obtained by setting the --logfile and --logpriority options.
      lxc-start 1500043290.904 WARN     lxc_log - log.c:lxc_log_init:331 - lxc_log_init called with log already initialized
      lxc-start 1500043290.907 DEBUG    lxc_conf - conf.c:lxc_create_tty:3813 - allocated pty '/dev/pts/1' (5/6)
      lxc-start 1500043290.907 DEBUG    lxc_conf - conf.c:lxc_create_tty:3813 - allocated pty '/dev/pts/2' (7/8)
      lxc-start 1500043290.907 DEBUG    lxc_conf - conf.c:lxc_create_tty:3813 - allocated pty '/dev/pts/3' (9/10)
      lxc-start 1500043290.907 DEBUG    lxc_conf - conf.c:lxc_create_tty:3813 - allocated pty '/dev/pts/4' (11/12)
      lxc-start 1500043290.907 INFO     lxc_conf - conf.c:lxc_create_tty:3824 - tty's configured
      lxc-start 1500043290.907 DEBUG    lxc_start - start.c:setup_signal_fd:264 - sigchild handler set
      lxc-start 1500043290.907 DEBUG    console - console.c:lxc_console_peer_default:500 - opening /dev/tty for console peer
      lxc-start 1500043290.907 DEBUG    console - console.c:lxc_console_peer_default:506 - using '/dev/tty' as console
      lxc-start 1500043290.907 DEBUG    console - console.c:lxc_console_sigwinch_init:179 - 51946 got SIGWINCH fd 17
      lxc-start 1500043290.907 DEBUG    console - console.c:lxc_console_winsz:88 - set winsz dstfd:14 cols:236 rows:67
      lxc-start 1500043290.907 INFO     lxc_start - start.c:lxc_init:467 - 'yyz-test' is initialized
      lxc-start 1500043290.909 DEBUG    lxc_start - start.c:__lxc_start:1147 - Not dropping cap_sys_boot or watching utmp
      lxc-start 1500043290.916 DEBUG    lxc_conf - conf.c:instantiate_veth:3129 - instantiated veth 'vethJEYMX1/vethWSNKDE', index is '116'
      lxc-start 1500043290.916 INFO     lxc_cgroup - cgroup.c:cgroup_init:62 - cgroup driver cgroupfs initing for yyz-test
      lxc-start 1500043290.948 DEBUG    lxc_cgfs - cgfs.c:do_setup_cgroup_limits:2115 - cgroup 'devices.deny' set to 'a'
      lxc-start 1500043290.948 DEBUG    lxc_cgfs - cgfs.c:do_setup_cgroup_limits:2115 - cgroup 'devices.allow' set to 'c *:* m'
      lxc-start 1500043290.948 DEBUG    lxc_cgfs - cgfs.c:do_setup_cgroup_limits:2115 - cgroup 'devices.allow' set to 'b *:* m'
      lxc-start 1500043290.948 DEBUG    lxc_cgfs - cgfs.c:do_setup_cgroup_limits:2115 - cgroup 'devices.allow' set to 'c 1:3 rwm'
      lxc-start 1500043290.948 DEBUG    lxc_cgfs - cgfs.c:do_setup_cgroup_limits:2115 - cgroup 'devices.allow' set to 'c 1:5 rwm'
      lxc-start 1500043290.948 DEBUG    lxc_cgfs - cgfs.c:do_setup_cgroup_limits:2115 - cgroup 'devices.allow' set to 'c 1:7 rwm'
      lxc-start 1500043290.948 DEBUG    lxc_cgfs - cgfs.c:do_setup_cgroup_limits:2115 - cgroup 'devices.allow' set to 'c 5:0 rwm'
      lxc-start 1500043290.948 DEBUG    lxc_cgfs - cgfs.c:do_setup_cgroup_limits:2115 - cgroup 'devices.allow' set to 'c 1:8 rwm'
      lxc-start 1500043290.948 DEBUG    lxc_cgfs - cgfs.c:do_setup_cgroup_limits:2115 - cgroup 'devices.allow' set to 'c 1:9 rwm'
      lxc-start 1500043290.948 DEBUG    lxc_cgfs - cgfs.c:do_setup_cgroup_limits:2115 - cgroup 'devices.allow' set to 'c 136:* rwm'
      lxc-start 1500043290.948 DEBUG    lxc_cgfs - cgfs.c:do_setup_cgroup_limits:2115 - cgroup 'devices.allow' set to 'c 5:2 rwm'
      lxc-start 1500043290.948 DEBUG    lxc_cgfs - cgfs.c:do_setup_cgroup_limits:2115 - cgroup 'devices.allow' set to 'c 10:229 rwm'
      lxc-start 1500043290.948 DEBUG    lxc_cgfs - cgfs.c:do_setup_cgroup_limits:2115 - cgroup 'memory.limit_in_bytes' set to '512M'
      lxc-start 1500043290.948 DEBUG    lxc_cgfs - cgfs.c:do_setup_cgroup_limits:2115 - cgroup 'cpuset.cpus' set to '0'
      lxc-start 1500043290.948 INFO     lxc_cgfs - cgfs.c:do_setup_cgroup_limits:2119 - cgroup has been setup
      lxc-start 1500043290.954 DEBUG    lxc_conf - conf.c:lxc_assign_network:3565 - move '(null)' to '51952'
      lxc-start 1500043290.954 ERROR    lxc_start - start.c:print_top_failing_dir:102 - No such file or directory - could not access /usr/local/var/lib.  Please grant it 'x' access, or add an ACL for the container root.
      lxc-start 1500043290.955 ERROR    lxc_sync - sync.c:__sync_wait:57 - An error occurred in another process (expected sequence number 3)
      lxc-start 1500043290.955 WARN     lxc_conf - conf.c:lxc_delete_network:3434 - failed to remove interface 116 '(null)'
      lxc-start 1500043290.955 ERROR    lxc_start - start.c:__lxc_start:1169 - failed to spawn 'yyz-test'
      lxc-start 1500043290.956 WARN     lxc_conf - conf.c:lxc_delete_autodev:1590 - Failed to locate autodev /dev/.lxc and /dev/.lxc/user.
      lxc-start 1500043290.977 ERROR    lxc_start_ui - lxc_start.c:main:344 - The container failed to start.
      lxc-start 1500043290.977 ERROR    lxc_start_ui - lxc_start.c:main:348 - Additional information can be obtained by setting the --logfile and --logpriority options.
      lxc-start 1500092117.710 WARN     lxc_log - log.c:lxc_log_init:331 - lxc_log_init called with log already initialized
      lxc-start 1500092117.713 DEBUG    lxc_conf - conf.c:lxc_create_tty:3813 - allocated pty '/dev/pts/1' (5/6)
      lxc-start 1500092117.714 DEBUG    lxc_conf - conf.c:lxc_create_tty:3813 - allocated pty '/dev/pts/2' (7/8)
      lxc-start 1500092117.714 DEBUG    lxc_conf - conf.c:lxc_create_tty:3813 - allocated pty '/dev/pts/3' (9/10)
      lxc-start 1500092117.714 DEBUG    lxc_conf - conf.c:lxc_create_tty:3813 - allocated pty '/dev/pts/4' (11/12)
      lxc-start 1500092117.714 INFO     lxc_conf - conf.c:lxc_create_tty:3824 - tty's configured
      lxc-start 1500092117.714 DEBUG    lxc_start - start.c:setup_signal_fd:264 - sigchild handler set
      lxc-start 1500092117.714 DEBUG    console - console.c:lxc_console_peer_default:500 - opening /dev/tty for console peer
      lxc-start 1500092117.714 DEBUG    console - console.c:lxc_console_peer_default:506 - using '/dev/tty' as console
      lxc-start 1500092117.714 DEBUG    console - console.c:lxc_console_sigwinch_init:179 - 59069 got SIGWINCH fd 17
      lxc-start 1500092117.714 DEBUG    console - console.c:lxc_console_winsz:88 - set winsz dstfd:14 cols:236 rows:67
      lxc-start 1500092117.714 INFO     lxc_start - start.c:lxc_init:467 - 'yyz-test' is initialized
      lxc-start 1500092117.716 DEBUG    lxc_start - start.c:__lxc_start:1147 - Not dropping cap_sys_boot or watching utmp
      lxc-start 1500092117.776 DEBUG    lxc_conf - conf.c:instantiate_veth:3129 - instantiated veth 'vethD5TTYC/veth3JWBAM', index is '118'
      lxc-start 1500092117.776 INFO     lxc_cgroup - cgroup.c:cgroup_init:62 - cgroup driver cgroupfs initing for yyz-test
      lxc-start 1500092117.908 DEBUG    lxc_cgfs - cgfs.c:do_setup_cgroup_limits:2114 - cgroup 'devices.deny' set to 'a'
      lxc-start 1500092117.908 DEBUG    lxc_cgfs - cgfs.c:do_setup_cgroup_limits:2114 - cgroup 'devices.allow' set to 'c *:* m'
      lxc-start 1500092117.908 DEBUG    lxc_cgfs - cgfs.c:do_setup_cgroup_limits:2114 - cgroup 'devices.allow' set to 'b *:* m'
      lxc-start 1500092117.909 DEBUG    lxc_cgfs - cgfs.c:do_setup_cgroup_limits:2114 - cgroup 'devices.allow' set to 'c 1:3 rwm'
      lxc-start 1500092117.909 DEBUG    lxc_cgfs - cgfs.c:do_setup_cgroup_limits:2114 - cgroup 'devices.allow' set to 'c 1:5 rwm'
      lxc-start 1500092117.909 DEBUG    lxc_cgfs - cgfs.c:do_setup_cgroup_limits:2114 - cgroup 'devices.allow' set to 'c 1:7 rwm'
      lxc-start 1500092117.909 DEBUG    lxc_cgfs - cgfs.c:do_setup_cgroup_limits:2114 - cgroup 'devices.allow' set to 'c 5:0 rwm'
      lxc-start 1500092117.909 DEBUG    lxc_cgfs - cgfs.c:do_setup_cgroup_limits:2114 - cgroup 'devices.allow' set to 'c 1:8 rwm'
      lxc-start 1500092117.909 DEBUG    lxc_cgfs - cgfs.c:do_setup_cgroup_limits:2114 - cgroup 'devices.allow' set to 'c 1:9 rwm'
      lxc-start 1500092117.909 DEBUG    lxc_cgfs - cgfs.c:do_setup_cgroup_limits:2114 - cgroup 'devices.allow' set to 'c 136:* rwm'
      lxc-start 1500092117.909 DEBUG    lxc_cgfs - cgfs.c:do_setup_cgroup_limits:2114 - cgroup 'devices.allow' set to 'c 5:2 rwm'
      lxc-start 1500092117.909 DEBUG    lxc_cgfs - cgfs.c:do_setup_cgroup_limits:2114 - cgroup 'devices.allow' set to 'c 10:229 rwm'
      lxc-start 1500092117.909 DEBUG    lxc_cgfs - cgfs.c:do_setup_cgroup_limits:2114 - cgroup 'memory.limit_in_bytes' set to '512M'
      lxc-start 1500092117.909 DEBUG    lxc_cgfs - cgfs.c:do_setup_cgroup_limits:2114 - cgroup 'cpuset.cpus' set to '0'
      lxc-start 1500092117.909 INFO     lxc_cgfs - cgfs.c:do_setup_cgroup_limits:2118 - cgroup has been setup
      lxc-start 1500092117.920 DEBUG    lxc_conf - conf.c:lxc_assign_network:3565 - move '(null)' to '59075'
      lxc-start 1500092117.921 ERROR    lxc_start - start.c:print_top_failing_dir:102 - No such file or directory - could not access /usr/local/var/lib.  Please grant it 'x' access, or add an ACL for the container root.
      lxc-start 1500092117.930 ERROR    lxc_sync - sync.c:__sync_wait:57 - An error occurred in another process (expected sequence number 3)
      lxc-start 1500092117.930 WARN     lxc_conf - conf.c:lxc_delete_network:3434 - failed to remove interface 118 '(null)'
      lxc-start 1500092117.930 ERROR    lxc_start - start.c:__lxc_start:1169 - failed to spawn 'yyz-test'
      lxc-start 1500092117.932 WARN     lxc_conf - conf.c:lxc_delete_autodev:1590 - Failed to locate autodev /dev/.lxc and /dev/.lxc/user.
      lxc-start 1500092117.944 ERROR    lxc_start_ui - lxc_start.c:main:344 - The container failed to start.
      lxc-start 1500092117.944 ERROR    lxc_start_ui - lxc_start.c:main:348 - Additional information can be obtained by setting the --logfile and --logpriority options.
