This file contains any messages produced by compilers while
running configure, to aid debugging if configure makes a mistake.

It was created by fuse configure 2.8.7, which was
generated by GNU Autoconf 2.69.  Invocation command line was

  $ ./configure 

## --------- ##
## Platform. ##
## --------- ##

hostname = localhost
uname -m = x86_64
uname -r = 3.10.0-514.el7.x86_64
uname -s = Linux
uname -v = #1 SMP Tue Nov 22 16:42:41 UTC 2016

/usr/bin/uname -p = x86_64
/bin/uname -X     = unknown

/bin/arch              = x86_64
/usr/bin/arch -k       = unknown
/usr/convex/getsysinfo = unknown
/usr/bin/hostinfo      = unknown
/bin/machine           = unknown
/usr/bin/oslevel       = unknown
/bin/universe          = unknown

PATH: /usr/local/sbin
PATH: /usr/local/bin
PATH: /usr/sbin
PATH: /usr/bin
PATH: /root/bin


## ----------- ##
## Core tests. ##
## ----------- ##

configure:2237: checking build system type
configure:2251: result: x86_64-unknown-linux-gnu
configure:2271: checking host system type
configure:2284: result: x86_64-unknown-linux-gnu
configure:2304: checking target system type
configure:2317: result: x86_64-unknown-linux-gnu
configure:2359: checking for a BSD-compatible install
configure:2427: result: /usr/bin/install -c
configure:2438: checking whether build environment is sane
configure:2493: result: yes
configure:2644: checking for a thread-safe mkdir -p
configure:2683: result: /usr/bin/mkdir -p
configure:2690: checking for gawk
configure:2706: found /usr/bin/gawk
configure:2717: result: gawk
configure:2728: checking whether make sets $(MAKE)
configure:2750: result: yes
configure:2779: checking whether make supports nested variables
configure:2796: result: yes
configure:2929: checking how to print strings
configure:2956: result: printf
configure:2989: checking for style of include used by make
configure:3017: result: GNU
configure:3088: checking for gcc
configure:3104: found /usr/bin/gcc
configure:3115: result: gcc
configure:3344: checking for C compiler version
configure:3353: gcc --version >&5
gcc (GCC) 4.8.5 20150623 (Red Hat 4.8.5-11)
Copyright (C) 2015 Free Software Foundation, Inc.
This is free software; see the source for copying conditions.  There is NO
warranty; not even for MERCHANTABILITY or FITNESS FOR A PARTICULAR PURPOSE.

configure:3364: $? = 0
configure:3353: gcc -v >&5
Using built-in specs.
COLLECT_GCC=gcc
COLLECT_LTO_WRAPPER=/usr/libexec/gcc/x86_64-redhat-linux/4.8.5/lto-wrapper
Target: x86_64-redhat-linux
Configured with: ../configure --prefix=/usr --mandir=/usr/share/man --infodir=/usr/share/info --with-bugurl=http://bugzilla.redhat.com/bugzilla --enable-bootstrap --enable-shared --enable-threads=posix --enable-checking=release --with-system-zlib --enable-__cxa_atexit --disable-libunwind-exceptions --enable-gnu-unique-object --enable-linker-build-id --with-linker-hash-style=gnu --enable-languages=c,c++,objc,obj-c++,java,fortran,ada,go,lto --enable-plugin --enable-initfini-array --disable-libgcj --with-isl=/builddir/build/BUILD/gcc-4.8.5-20150702/obj-x86_64-redhat-linux/isl-install --with-cloog=/builddir/build/BUILD/gcc-4.8.5-20150702/obj-x86_64-redhat-linux/cloog-install --enable-gnu-indirect-function --with-tune=generic --with-arch_32=x86-64 --build=x86_64-redhat-linux
Thread model: posix
gcc version 4.8.5 20150623 (Red Hat 4.8.5-11) (GCC) 
configure:3364: $? = 0
configure:3353: gcc -V >&5
gcc: error: unrecognized command line option '-V'
gcc: fatal error: no input files
compilation terminated.
configure:3364: $? = 4
configure:3353: gcc -qversion >&5
gcc: error: unrecognized command line option '-qversion'
gcc: fatal error: no input files
compilation terminated.
configure:3364: $? = 4
configure:3384: checking whether the C compiler works
configure:3406: gcc    conftest.c  >&5
configure:3410: $? = 0
configure:3458: result: yes
configure:3461: checking for C compiler default output file name
configure:3463: result: a.out
configure:3469: checking for suffix of executables
configure:3476: gcc -o conftest    conftest.c  >&5
configure:3480: $? = 0
configure:3502: result: 
configure:3524: checking whether we are cross compiling
configure:3532: gcc -o conftest    conftest.c  >&5
configure:3536: $? = 0
configure:3543: ./conftest
configure:3547: $? = 0
configure:3562: result: no
configure:3567: checking for suffix of object files
configure:3589: gcc -c   conftest.c >&5
configure:3593: $? = 0
configure:3614: result: o
configure:3618: checking whether we are using the GNU C compiler
configure:3637: gcc -c   conftest.c >&5
configure:3637: $? = 0
configure:3646: result: yes
configure:3655: checking whether gcc accepts -g
configure:3675: gcc -c -g  conftest.c >&5
configure:3675: $? = 0
configure:3716: result: yes
configure:3733: checking for gcc option to accept ISO C89
configure:3796: gcc  -c -g -O2  conftest.c >&5
configure:3796: $? = 0
configure:3809: result: none needed
configure:3831: checking dependency style of gcc
configure:3942: result: gcc3
configure:3957: checking for a sed that does not truncate output
configure:4021: result: /usr/bin/sed
configure:4039: checking for grep that handles long lines and -e
configure:4097: result: /usr/bin/grep
configure:4102: checking for egrep
configure:4164: result: /usr/bin/grep -E
configure:4169: checking for fgrep
configure:4231: result: /usr/bin/grep -F
configure:4266: checking for ld used by gcc
configure:4333: result: /usr/bin/ld
configure:4340: checking if the linker (/usr/bin/ld) is GNU ld
configure:4355: result: yes
configure:4367: checking for BSD- or MS-compatible name lister (nm)
configure:4416: result: /usr/bin/nm -B
configure:4546: checking the name lister (/usr/bin/nm -B) interface
configure:4553: gcc -c -g -O2  conftest.c >&5
configure:4556: /usr/bin/nm -B "conftest.o"
configure:4559: output
0000000000000000 B some_variable
configure:4566: result: BSD nm
configure:4569: checking whether ln -s works
configure:4573: result: yes
configure:4581: checking the maximum length of command line arguments
configure:4711: result: 1572864
configure:4728: checking whether the shell understands some XSI constructs
configure:4738: result: yes
configure:4742: checking whether the shell understands "+="
configure:4748: result: yes
configure:4783: checking how to convert x86_64-unknown-linux-gnu file names to x86_64-unknown-linux-gnu format
configure:4823: result: func_convert_file_noop
configure:4830: checking how to convert x86_64-unknown-linux-gnu file names to toolchain format
configure:4850: result: func_convert_file_noop
configure:4857: checking for /usr/bin/ld option to reload object files
configure:4864: result: -r
configure:4938: checking for objdump
configure:4954: found /usr/bin/objdump
configure:4965: result: objdump
configure:4997: checking how to recognize dependent libraries
configure:5199: result: pass_all
configure:5284: checking for dlltool
configure:5314: result: no
configure:5344: checking how to associate runtime and link libraries
configure:5371: result: printf %s\n
configure:5432: checking for ar
configure:5448: found /usr/bin/ar
configure:5459: result: ar
configure:5496: checking for archiver @FILE support
configure:5513: gcc -c -g -O2  conftest.c >&5
configure:5513: $? = 0
configure:5516: ar cru libconftest.a @conftest.lst >&5
configure:5519: $? = 0
configure:5524: ar cru libconftest.a @conftest.lst >&5
ar: conftest.o: No such file or directory
configure:5527: $? = 1
configure:5539: result: @
configure:5597: checking for strip
configure:5613: found /usr/bin/strip
configure:5624: result: strip
configure:5696: checking for ranlib
configure:5712: found /usr/bin/ranlib
configure:5723: result: ranlib
configure:5825: checking command to parse /usr/bin/nm -B output from gcc object
configure:5945: gcc -c -g -O2  conftest.c >&5
configure:5948: $? = 0
configure:5952: /usr/bin/nm -B conftest.o \| sed -n -e 's/^.*[ ]\([ABCDGIRSTW][ABCDGIRSTW]*\)[ ][ ]*\([_A-Za-z][_A-Za-z0-9]*\)$/\1 \2 \2/p' | sed '/ __gnu_lto/d' \> conftest.nm
configure:5955: $? = 0
configure:6021: gcc -o conftest -g -O2   conftest.c conftstm.o >&5
configure:6024: $? = 0
configure:6062: result: ok
configure:6099: checking for sysroot
configure:6129: result: no
configure:6206: gcc -c -g -O2  conftest.c >&5
configure:6209: $? = 0
configure:6385: checking for mt
configure:6415: result: no
configure:6435: checking if : is a manifest tool
configure:6441: : '-?'
configure:6449: result: no
configure:7091: checking how to run the C preprocessor
configure:7122: gcc -E  conftest.c
configure:7122: $? = 0
configure:7136: gcc -E  conftest.c
conftest.c:11:28: fatal error: ac_nonexistent.h: No such file or directory
 #include <ac_nonexistent.h>
                            ^
compilation terminated.
configure:7136: $? = 1
configure: failed program was:
| /* confdefs.h */
| #define PACKAGE_NAME "fuse"
| #define PACKAGE_TARNAME "fuse"
| #define PACKAGE_VERSION "2.8.7"
| #define PACKAGE_STRING "fuse 2.8.7"
| #define PACKAGE_BUGREPORT ""
| #define PACKAGE_URL ""
| #define PACKAGE "fuse"
| #define VERSION "2.8.7"
| /* end confdefs.h.  */
| #include <ac_nonexistent.h>
configure:7161: result: gcc -E
configure:7181: gcc -E  conftest.c
configure:7181: $? = 0
configure:7195: gcc -E  conftest.c
conftest.c:11:28: fatal error: ac_nonexistent.h: No such file or directory
 #include <ac_nonexistent.h>
                            ^
compilation terminated.
configure:7195: $? = 1
configure: failed program was:
| /* confdefs.h */
| #define PACKAGE_NAME "fuse"
| #define PACKAGE_TARNAME "fuse"
| #define PACKAGE_VERSION "2.8.7"
| #define PACKAGE_STRING "fuse 2.8.7"
| #define PACKAGE_BUGREPORT ""
| #define PACKAGE_URL ""
| #define PACKAGE "fuse"
| #define VERSION "2.8.7"
| /* end confdefs.h.  */
| #include <ac_nonexistent.h>
configure:7224: checking for ANSI C header files
configure:7244: gcc -c -g -O2  conftest.c >&5
configure:7244: $? = 0
configure:7317: gcc -o conftest -g -O2   conftest.c  >&5
configure:7317: $? = 0
configure:7317: ./conftest
configure:7317: $? = 0
configure:7328: result: yes
configure:7341: checking for sys/types.h
configure:7341: gcc -c -g -O2  conftest.c >&5
configure:7341: $? = 0
configure:7341: result: yes
configure:7341: checking for sys/stat.h
configure:7341: gcc -c -g -O2  conftest.c >&5
configure:7341: $? = 0
configure:7341: result: yes
configure:7341: checking for stdlib.h
configure:7341: gcc -c -g -O2  conftest.c >&5
configure:7341: $? = 0
configure:7341: result: yes
configure:7341: checking for string.h
configure:7341: gcc -c -g -O2  conftest.c >&5
configure:7341: $? = 0
configure:7341: result: yes
configure:7341: checking for memory.h
configure:7341: gcc -c -g -O2  conftest.c >&5
configure:7341: $? = 0
configure:7341: result: yes
configure:7341: checking for strings.h
configure:7341: gcc -c -g -O2  conftest.c >&5
configure:7341: $? = 0
configure:7341: result: yes
configure:7341: checking for inttypes.h
configure:7341: gcc -c -g -O2  conftest.c >&5
configure:7341: $? = 0
configure:7341: result: yes
configure:7341: checking for stdint.h
configure:7341: gcc -c -g -O2  conftest.c >&5
configure:7341: $? = 0
configure:7341: result: yes
configure:7341: checking for unistd.h
configure:7341: gcc -c -g -O2  conftest.c >&5
configure:7341: $? = 0
configure:7341: result: yes
configure:7355: checking for dlfcn.h
configure:7355: gcc -c -g -O2  conftest.c >&5
configure:7355: $? = 0
configure:7355: result: yes
configure:7561: checking for objdir
configure:7576: result: .libs
configure:7847: checking if gcc supports -fno-rtti -fno-exceptions
configure:7865: gcc -c -g -O2  -fno-rtti -fno-exceptions conftest.c >&5
cc1: warning: command line option '-fno-rtti' is valid for C++/ObjC++ but not for C [enabled by default]
configure:7869: $? = 0
configure:7882: result: no
configure:8209: checking for gcc option to produce PIC
configure:8216: result: -fPIC -DPIC
configure:8224: checking if gcc PIC flag -fPIC -DPIC works
configure:8242: gcc -c -g -O2  -fPIC -DPIC -DPIC conftest.c >&5
configure:8246: $? = 0
configure:8259: result: yes
configure:8288: checking if gcc static flag -static works
configure:8316: result: no
configure:8331: checking if gcc supports -c -o file.o
configure:8352: gcc -c -g -O2  -o out/conftest2.o conftest.c >&5
configure:8356: $? = 0
configure:8378: result: yes
configure:8386: checking if gcc supports -c -o file.o
configure:8433: result: yes
configure:8466: checking whether the gcc linker (/usr/bin/ld -m elf_x86_64) supports shared libraries
configure:9619: result: yes
configure:9656: checking whether -lc should be explicitly linked in
configure:9664: gcc -c -g -O2  conftest.c >&5
configure:9667: $? = 0
configure:9682: gcc -shared  -fPIC -DPIC conftest.o  -v -Wl,-soname -Wl,conftest -o conftest 2\>\&1 \| /usr/bin/grep  -lc  \>/dev/null 2\>\&1
configure:9685: $? = 0
configure:9699: result: no
configure:9859: checking dynamic linker characteristics
configure:10370: gcc -o conftest -g -O2   -Wl,-rpath -Wl,/foo conftest.c  >&5
configure:10370: $? = 0
configure:10596: result: GNU/Linux ld.so
configure:10703: checking how to hardcode library paths into programs
configure:10728: result: immediate
configure:11268: checking whether stripping libraries is possible
configure:11273: result: yes
configure:11308: checking if libtool supports shared libraries
configure:11310: result: yes
configure:11313: checking whether to build shared libraries
configure:11334: result: yes
configure:11337: checking whether to build static libraries
configure:11341: result: yes
configure:11426: checking for gcc
configure:11453: result: gcc
configure:11682: checking for C compiler version
configure:11691: gcc --version >&5
gcc (GCC) 4.8.5 20150623 (Red Hat 4.8.5-11)
Copyright (C) 2015 Free Software Foundation, Inc.
This is free software; see the source for copying conditions.  There is NO
warranty; not even for MERCHANTABILITY or FITNESS FOR A PARTICULAR PURPOSE.

configure:11702: $? = 0
configure:11691: gcc -v >&5
Using built-in specs.
COLLECT_GCC=gcc
COLLECT_LTO_WRAPPER=/usr/libexec/gcc/x86_64-redhat-linux/4.8.5/lto-wrapper
Target: x86_64-redhat-linux
Configured with: ../configure --prefix=/usr --mandir=/usr/share/man --infodir=/usr/share/info --with-bugurl=http://bugzilla.redhat.com/bugzilla --enable-bootstrap --enable-shared --enable-threads=posix --enable-checking=release --with-system-zlib --enable-__cxa_atexit --disable-libunwind-exceptions --enable-gnu-unique-object --enable-linker-build-id --with-linker-hash-style=gnu --enable-languages=c,c++,objc,obj-c++,java,fortran,ada,go,lto --enable-plugin --enable-initfini-array --disable-libgcj --with-isl=/builddir/build/BUILD/gcc-4.8.5-20150702/obj-x86_64-redhat-linux/isl-install --with-cloog=/builddir/build/BUILD/gcc-4.8.5-20150702/obj-x86_64-redhat-linux/cloog-install --enable-gnu-indirect-function --with-tune=generic --with-arch_32=x86-64 --build=x86_64-redhat-linux
Thread model: posix
gcc version 4.8.5 20150623 (Red Hat 4.8.5-11) (GCC) 
configure:11702: $? = 0
configure:11691: gcc -V >&5
gcc: error: unrecognized command line option '-V'
gcc: fatal error: no input files
compilation terminated.
configure:11702: $? = 4
configure:11691: gcc -qversion >&5
gcc: error: unrecognized command line option '-qversion'
gcc: fatal error: no input files
compilation terminated.
configure:11702: $? = 4
configure:11706: checking whether we are using the GNU C compiler
configure:11734: result: yes
configure:11743: checking whether gcc accepts -g
configure:11804: result: yes
configure:11821: checking for gcc option to accept ISO C89
configure:11897: result: none needed
configure:11919: checking dependency style of gcc
configure:12030: result: gcc3
configure:12046: checking whether gcc and cc understand -c and -o together
configure:12077: gcc -c conftest.c -o conftest2.o >&5
configure:12081: $? = 0
configure:12087: gcc -c conftest.c -o conftest2.o >&5
configure:12091: $? = 0
configure:12102: cc -c conftest.c >&5
configure:12106: $? = 0
configure:12114: cc -c conftest.c -o conftest2.o >&5
configure:12118: $? = 0
configure:12124: cc -c conftest.c -o conftest2.o >&5
configure:12128: $? = 0
configure:12146: result: yes
configure:12238: checking for fork
configure:12238: gcc -o conftest -Wall -W -Wno-sign-compare -Wstrict-prototypes -Wmissing-declarations -Wwrite-strings -g -O2 -fno-strict-aliasing   conftest.c  >&5
conftest.c:46:1: warning: function declaration isn't a prototype [-Wstrict-prototypes]
 char fork ();
 ^
conftest.c:46:6: warning: conflicting types for built-in function 'fork' [enabled by default]
 char fork ();
      ^
conftest.c:55:1: warning: function declaration isn't a prototype [-Wstrict-prototypes]
 main ()
 ^
configure:12238: $? = 0
configure:12238: result: yes
configure:12238: checking for setxattr
configure:12238: gcc -o conftest -Wall -W -Wno-sign-compare -Wstrict-prototypes -Wmissing-declarations -Wwrite-strings -g -O2 -fno-strict-aliasing   conftest.c  >&5
conftest.c:47:1: warning: function declaration isn't a prototype [-Wstrict-prototypes]
 char setxattr ();
 ^
conftest.c:56:1: warning: function declaration isn't a prototype [-Wstrict-prototypes]
 main ()
 ^
configure:12238: $? = 0
configure:12238: result: yes
configure:12238: checking for fdatasync
configure:12238: gcc -o conftest -Wall -W -Wno-sign-compare -Wstrict-prototypes -Wmissing-declarations -Wwrite-strings -g -O2 -fno-strict-aliasing   conftest.c  >&5
conftest.c:48:1: warning: function declaration isn't a prototype [-Wstrict-prototypes]
 char fdatasync ();
 ^
conftest.c:57:1: warning: function declaration isn't a prototype [-Wstrict-prototypes]
 main ()
 ^
configure:12238: $? = 0
configure:12238: result: yes
configure:12247: checking for struct stat.st_atim
configure:12247: gcc -c -Wall -W -Wno-sign-compare -Wstrict-prototypes -Wmissing-declarations -Wwrite-strings -g -O2 -fno-strict-aliasing  conftest.c >&5
conftest.c:60:1: warning: function declaration isn't a prototype [-Wstrict-prototypes]
 main ()
 ^
conftest.c: In function 'main':
conftest.c:63:5: error: used struct type value where scalar is required
 if (ac_aggr.st_atim)
     ^
conftest.c:62:20: warning: variable 'ac_aggr' set but not used [-Wunused-but-set-variable]
 static struct stat ac_aggr;
                    ^
configure:12247: $? = 1
configure: failed program was:
| /* confdefs.h */
| #define PACKAGE_NAME "fuse"
| #define PACKAGE_TARNAME "fuse"
| #define PACKAGE_VERSION "2.8.7"
| #define PACKAGE_STRING "fuse 2.8.7"
| #define PACKAGE_BUGREPORT ""
| #define PACKAGE_URL ""
| #define PACKAGE "fuse"
| #define VERSION "2.8.7"
| #define STDC_HEADERS 1
| #define HAVE_SYS_TYPES_H 1
| #define HAVE_SYS_STAT_H 1
| #define HAVE_STDLIB_H 1
| #define HAVE_STRING_H 1
| #define HAVE_MEMORY_H 1
| #define HAVE_STRINGS_H 1
| #define HAVE_INTTYPES_H 1
| #define HAVE_STDINT_H 1
| #define HAVE_UNISTD_H 1
| #define HAVE_DLFCN_H 1
| #define LT_OBJDIR ".libs/"
| #define HAVE_FORK 1
| #define HAVE_SETXATTR 1
| #define HAVE_FDATASYNC 1
| /* end confdefs.h.  */
| #include <stdio.h>
| #ifdef HAVE_SYS_TYPES_H
| # include <sys/types.h>
| #endif
| #ifdef HAVE_SYS_STAT_H
| # include <sys/stat.h>
| #endif
| #ifdef STDC_HEADERS
| # include <stdlib.h>
| # include <stddef.h>
| #else
| # ifdef HAVE_STDLIB_H
| #  include <stdlib.h>
| # endif
| #endif
| #ifdef HAVE_STRING_H
| # if !defined STDC_HEADERS && defined HAVE_MEMORY_H
| #  include <memory.h>
| # endif
| # include <string.h>
| #endif
| #ifdef HAVE_STRINGS_H
| # include <strings.h>
| #endif
| #ifdef HAVE_INTTYPES_H
| # include <inttypes.h>
| #endif
| #ifdef HAVE_STDINT_H
| # include <stdint.h>
| #endif
| #ifdef HAVE_UNISTD_H
| # include <unistd.h>
| #endif
| int
| main ()
| {
| static struct stat ac_aggr;
| if (ac_aggr.st_atim)
| return 0;
|   ;
|   return 0;
| }
configure:12247: gcc -c -Wall -W -Wno-sign-compare -Wstrict-prototypes -Wmissing-declarations -Wwrite-strings -g -O2 -fno-strict-aliasing  conftest.c >&5
conftest.c:60:1: warning: function declaration isn't a prototype [-Wstrict-prototypes]
 main ()
 ^
configure:12247: $? = 0
configure:12247: result: yes
configure:12257: checking for struct stat.st_atimespec
configure:12257: gcc -c -Wall -W -Wno-sign-compare -Wstrict-prototypes -Wmissing-declarations -Wwrite-strings -g -O2 -fno-strict-aliasing  conftest.c >&5
conftest.c:61:1: warning: function declaration isn't a prototype [-Wstrict-prototypes]
 main ()
 ^
conftest.c: In function 'main':
conftest.c:64:12: error: 'struct stat' has no member named 'st_atimespec'
 if (ac_aggr.st_atimespec)
            ^
conftest.c:63:20: warning: variable 'ac_aggr' set but not used [-Wunused-but-set-variable]
 static struct stat ac_aggr;
                    ^
configure:12257: $? = 1
configure: failed program was:
| /* confdefs.h */
| #define PACKAGE_NAME "fuse"
| #define PACKAGE_TARNAME "fuse"
| #define PACKAGE_VERSION "2.8.7"
| #define PACKAGE_STRING "fuse 2.8.7"
| #define PACKAGE_BUGREPORT ""
| #define PACKAGE_URL ""
| #define PACKAGE "fuse"
| #define VERSION "2.8.7"
| #define STDC_HEADERS 1
| #define HAVE_SYS_TYPES_H 1
| #define HAVE_SYS_STAT_H 1
| #define HAVE_STDLIB_H 1
| #define HAVE_STRING_H 1
| #define HAVE_MEMORY_H 1
| #define HAVE_STRINGS_H 1
| #define HAVE_INTTYPES_H 1
| #define HAVE_STDINT_H 1
| #define HAVE_UNISTD_H 1
| #define HAVE_DLFCN_H 1
| #define LT_OBJDIR ".libs/"
| #define HAVE_FORK 1
| #define HAVE_SETXATTR 1
| #define HAVE_FDATASYNC 1
| #define HAVE_STRUCT_STAT_ST_ATIM 1
| /* end confdefs.h.  */
| #include <stdio.h>
| #ifdef HAVE_SYS_TYPES_H
| # include <sys/types.h>
| #endif
| #ifdef HAVE_SYS_STAT_H
| # include <sys/stat.h>
| #endif
| #ifdef STDC_HEADERS
| # include <stdlib.h>
| # include <stddef.h>
| #else
| # ifdef HAVE_STDLIB_H
| #  include <stdlib.h>
| # endif
| #endif
| #ifdef HAVE_STRING_H
| # if !defined STDC_HEADERS && defined HAVE_MEMORY_H
| #  include <memory.h>
| # endif
| # include <string.h>
| #endif
| #ifdef HAVE_STRINGS_H
| # include <strings.h>
| #endif
| #ifdef HAVE_INTTYPES_H
| # include <inttypes.h>
| #endif
| #ifdef HAVE_STDINT_H
| # include <stdint.h>
| #endif
| #ifdef HAVE_UNISTD_H
| # include <unistd.h>
| #endif
| int
| main ()
| {
| static struct stat ac_aggr;
| if (ac_aggr.st_atimespec)
| return 0;
|   ;
|   return 0;
| }
configure:12257: gcc -c -Wall -W -Wno-sign-compare -Wstrict-prototypes -Wmissing-declarations -Wwrite-strings -g -O2 -fno-strict-aliasing  conftest.c >&5
conftest.c:61:1: warning: function declaration isn't a prototype [-Wstrict-prototypes]
 main ()
 ^
conftest.c: In function 'main':
conftest.c:64:19: error: 'struct stat' has no member named 'st_atimespec'
 if (sizeof ac_aggr.st_atimespec)
                   ^
conftest.c:63:20: warning: variable 'ac_aggr' set but not used [-Wunused-but-set-variable]
 static struct stat ac_aggr;
                    ^
configure:12257: $? = 1
configure: failed program was:
| /* confdefs.h */
| #define PACKAGE_NAME "fuse"
| #define PACKAGE_TARNAME "fuse"
| #define PACKAGE_VERSION "2.8.7"
| #define PACKAGE_STRING "fuse 2.8.7"
| #define PACKAGE_BUGREPORT ""
| #define PACKAGE_URL ""
| #define PACKAGE "fuse"
| #define VERSION "2.8.7"
| #define STDC_HEADERS 1
| #define HAVE_SYS_TYPES_H 1
| #define HAVE_SYS_STAT_H 1
| #define HAVE_STDLIB_H 1
| #define HAVE_STRING_H 1
| #define HAVE_MEMORY_H 1
| #define HAVE_STRINGS_H 1
| #define HAVE_INTTYPES_H 1
| #define HAVE_STDINT_H 1
| #define HAVE_UNISTD_H 1
| #define HAVE_DLFCN_H 1
| #define LT_OBJDIR ".libs/"
| #define HAVE_FORK 1
| #define HAVE_SETXATTR 1
| #define HAVE_FDATASYNC 1
| #define HAVE_STRUCT_STAT_ST_ATIM 1
| /* end confdefs.h.  */
| #include <stdio.h>
| #ifdef HAVE_SYS_TYPES_H
| # include <sys/types.h>
| #endif
| #ifdef HAVE_SYS_STAT_H
| # include <sys/stat.h>
| #endif
| #ifdef STDC_HEADERS
| # include <stdlib.h>
| # include <stddef.h>
| #else
| # ifdef HAVE_STDLIB_H
| #  include <stdlib.h>
| # endif
| #endif
| #ifdef HAVE_STRING_H
| # if !defined STDC_HEADERS && defined HAVE_MEMORY_H
| #  include <memory.h>
| # endif
| # include <string.h>
| #endif
| #ifdef HAVE_STRINGS_H
| # include <strings.h>
| #endif
| #ifdef HAVE_INTTYPES_H
| # include <inttypes.h>
| #endif
| #ifdef HAVE_STDINT_H
| # include <stdint.h>
| #endif
| #ifdef HAVE_UNISTD_H
| # include <unistd.h>
| #endif
| int
| main ()
| {
| static struct stat ac_aggr;
| if (sizeof ac_aggr.st_atimespec)
| return 0;
|   ;
|   return 0;
| }
configure:12257: result: no
configure:12270: checking for library containing dlopen
configure:12301: gcc -o conftest -Wall -W -Wno-sign-compare -Wstrict-prototypes -Wmissing-declarations -Wwrite-strings -g -O2 -fno-strict-aliasing   conftest.c  >&5
conftest.c:34:1: warning: function declaration isn't a prototype [-Wstrict-prototypes]
 char dlopen ();
 ^
conftest.c:36:1: warning: function declaration isn't a prototype [-Wstrict-prototypes]
 main ()
 ^
/tmp/cc6PxQPM.o: In function `main':
/root/git/reading-and-annotate-lxc-1.0.9/lxcfs-lxcfs-2.0.0/fuse-fuse_2_8_7/conftest.c:38: undefined reference to `dlopen'
collect2: error: ld returned 1 exit status
configure:12301: $? = 1
configure: failed program was:
| /* confdefs.h */
| #define PACKAGE_NAME "fuse"
| #define PACKAGE_TARNAME "fuse"
| #define PACKAGE_VERSION "2.8.7"
| #define PACKAGE_STRING "fuse 2.8.7"
| #define PACKAGE_BUGREPORT ""
| #define PACKAGE_URL ""
| #define PACKAGE "fuse"
| #define VERSION "2.8.7"
| #define STDC_HEADERS 1
| #define HAVE_SYS_TYPES_H 1
| #define HAVE_SYS_STAT_H 1
| #define HAVE_STDLIB_H 1
| #define HAVE_STRING_H 1
| #define HAVE_MEMORY_H 1
| #define HAVE_STRINGS_H 1
| #define HAVE_INTTYPES_H 1
| #define HAVE_STDINT_H 1
| #define HAVE_UNISTD_H 1
| #define HAVE_DLFCN_H 1
| #define LT_OBJDIR ".libs/"
| #define HAVE_FORK 1
| #define HAVE_SETXATTR 1
| #define HAVE_FDATASYNC 1
| #define HAVE_STRUCT_STAT_ST_ATIM 1
| /* end confdefs.h.  */
| 
| /* Override any GCC internal prototype to avoid an error.
|    Use char because int might match the return type of a GCC
|    builtin and then its argument prototype would still apply.  */
| #ifdef __cplusplus
| extern "C"
| #endif
| char dlopen ();
| int
| main ()
| {
| return dlopen ();
|   ;
|   return 0;
| }
configure:12301: gcc -o conftest -Wall -W -Wno-sign-compare -Wstrict-prototypes -Wmissing-declarations -Wwrite-strings -g -O2 -fno-strict-aliasing   conftest.c -ldl   >&5
conftest.c:34:1: warning: function declaration isn't a prototype [-Wstrict-prototypes]
 char dlopen ();
 ^
conftest.c:36:1: warning: function declaration isn't a prototype [-Wstrict-prototypes]
 main ()
 ^
configure:12301: $? = 0
configure:12318: result: -ldl
configure:12326: checking for library containing clock_gettime
configure:12357: gcc -o conftest -Wall -W -Wno-sign-compare -Wstrict-prototypes -Wmissing-declarations -Wwrite-strings -g -O2 -fno-strict-aliasing   conftest.c -ldl  >&5
conftest.c:34:1: warning: function declaration isn't a prototype [-Wstrict-prototypes]
 char clock_gettime ();
 ^
conftest.c:36:1: warning: function declaration isn't a prototype [-Wstrict-prototypes]
 main ()
 ^
configure:12357: $? = 0
configure:12374: result: none required
configure:12436: checking for ld used by gcc
configure:12503: result: /usr/bin/ld -m elf_x86_64
configure:12510: checking if the linker (/usr/bin/ld -m elf_x86_64) is GNU ld
configure:12525: result: yes
configure:12532: checking for shared library run path origin
configure:12545: result: done
configure:13123: checking for iconv
configure:13147: gcc -o conftest -Wall -W -Wno-sign-compare -Wstrict-prototypes -Wmissing-declarations -Wwrite-strings -g -O2 -fno-strict-aliasing   conftest.c  >&5
conftest.c:32:1: warning: function declaration isn't a prototype [-Wstrict-prototypes]
 main ()
 ^
configure:13147: $? = 0
configure:13181: result: yes
configure:13184: checking for working iconv
configure:13304: gcc -o conftest -Wall -W -Wno-sign-compare -Wstrict-prototypes -Wmissing-declarations -Wwrite-strings -g -O2 -fno-strict-aliasing   conftest.c  >&5
conftest.c:30:5: warning: function declaration isn't a prototype [-Wstrict-prototypes]
 int main ()
     ^
configure:13304: $? = 0
configure:13304: ./conftest
configure:13304: $? = 0
configure:13316: result: yes
configure:13344: checking for iconv declaration
configure:13373: gcc -c -Wall -W -Wno-sign-compare -Wstrict-prototypes -Wmissing-declarations -Wwrite-strings -g -O2 -fno-strict-aliasing  conftest.c >&5
conftest.c:42:1: warning: function declaration isn't a prototype [-Wstrict-prototypes]
 main ()
 ^
configure:13373: $? = 0
configure:13384: result:
         extern size_t iconv (iconv_t cd, char * *inbuf, size_t *inbytesleft, char * *outbuf, size_t *outbytesleft);
configure:13548: checking that generated files are newer than configure
configure:13554: result: done
configure:13593: creating ./config.status

## ---------------------- ##
## Running config.status. ##
## ---------------------- ##

This file was extended by fuse config.status 2.8.7, which was
generated by GNU Autoconf 2.69.  Invocation command line was

  CONFIG_FILES    = 
  CONFIG_HEADERS  = 
  CONFIG_LINKS    = 
  CONFIG_COMMANDS = 
  $ ./config.status 

on localhost

config.status:1109: creating fuse.pc
config.status:1109: creating Makefile
config.status:1109: creating lib/Makefile
config.status:1109: creating util/Makefile
config.status:1109: creating example/Makefile
config.status:1109: creating include/Makefile
config.status:1109: creating include/config.h
config.status:1338: executing depfiles commands
config.status:1338: executing libtool commands

## ---------------- ##
## Cache variables. ##
## ---------------- ##

ac_cv_build=x86_64-unknown-linux-gnu
ac_cv_c_compiler_gnu=yes
ac_cv_env_CC_set=
ac_cv_env_CC_value=
ac_cv_env_CFLAGS_set=
ac_cv_env_CFLAGS_value=
ac_cv_env_CPPFLAGS_set=
ac_cv_env_CPPFLAGS_value=
ac_cv_env_CPP_set=
ac_cv_env_CPP_value=
ac_cv_env_LDFLAGS_set=
ac_cv_env_LDFLAGS_value=
ac_cv_env_LIBS_set=
ac_cv_env_LIBS_value=
ac_cv_env_build_alias_set=
ac_cv_env_build_alias_value=
ac_cv_env_host_alias_set=
ac_cv_env_host_alias_value=
ac_cv_env_target_alias_set=
ac_cv_env_target_alias_value=
ac_cv_func_fdatasync=yes
ac_cv_func_fork=yes
ac_cv_func_setxattr=yes
ac_cv_header_dlfcn_h=yes
ac_cv_header_inttypes_h=yes
ac_cv_header_memory_h=yes
ac_cv_header_stdc=yes
ac_cv_header_stdint_h=yes
ac_cv_header_stdlib_h=yes
ac_cv_header_string_h=yes
ac_cv_header_strings_h=yes
ac_cv_header_sys_stat_h=yes
ac_cv_header_sys_types_h=yes
ac_cv_header_unistd_h=yes
ac_cv_host=x86_64-unknown-linux-gnu
ac_cv_member_struct_stat_st_atim=yes
ac_cv_member_struct_stat_st_atimespec=no
ac_cv_objext=o
ac_cv_path_EGREP='/usr/bin/grep -E'
ac_cv_path_FGREP='/usr/bin/grep -F'
ac_cv_path_GREP=/usr/bin/grep
ac_cv_path_SED=/usr/bin/sed
ac_cv_path_install='/usr/bin/install -c'
ac_cv_path_mkdir=/usr/bin/mkdir
ac_cv_prog_AWK=gawk
ac_cv_prog_CPP='gcc -E'
ac_cv_prog_ac_ct_AR=ar
ac_cv_prog_ac_ct_CC=gcc
ac_cv_prog_ac_ct_OBJDUMP=objdump
ac_cv_prog_ac_ct_RANLIB=ranlib
ac_cv_prog_ac_ct_STRIP=strip
ac_cv_prog_cc_c89=
ac_cv_prog_cc_g=yes
ac_cv_prog_cc_gcc_c_o=yes
ac_cv_prog_make_make_set=yes
ac_cv_search_clock_gettime='none required'
ac_cv_search_dlopen=-ldl
ac_cv_target=x86_64-unknown-linux-gnu
acl_cv_path_LD='/usr/bin/ld -m elf_x86_64'
acl_cv_prog_gnu_ld=yes
acl_cv_rpath=done
am_cv_CC_dependencies_compiler_type=gcc3
am_cv_func_iconv=yes
am_cv_func_iconv_works=yes
am_cv_lib_iconv=no
am_cv_make_support_nested_variables=yes
am_cv_proto_iconv='extern size_t iconv (iconv_t cd, char * *inbuf, size_t *inbytesleft, char * *outbuf, size_t *outbytesleft);'
am_cv_proto_iconv_arg1=
lt_cv_ar_at_file=@
lt_cv_archive_cmds_need_lc=no
lt_cv_deplibs_check_method=pass_all
lt_cv_file_magic_cmd='$MAGIC_CMD'
lt_cv_file_magic_test_file=
lt_cv_ld_reload_flag=-r
lt_cv_nm_interface='BSD nm'
lt_cv_objdir=.libs
lt_cv_path_LD=/usr/bin/ld
lt_cv_path_NM='/usr/bin/nm -B'
lt_cv_path_mainfest_tool=no
lt_cv_prog_compiler_c_o=yes
lt_cv_prog_compiler_pic='-fPIC -DPIC'
lt_cv_prog_compiler_pic_works=yes
lt_cv_prog_compiler_rtti_exceptions=no
lt_cv_prog_compiler_static_works=no
lt_cv_prog_gnu_ld=yes
lt_cv_sharedlib_from_linklib_cmd='printf %s\n'
lt_cv_shlibpath_overrides_runpath=no
lt_cv_sys_global_symbol_pipe='sed -n -e '\''s/^.*[	 ]\([ABCDGIRSTW][ABCDGIRSTW]*\)[	 ][	 ]*\([_A-Za-z][_A-Za-z0-9]*\)$/\1 \2 \2/p'\'' | sed '\''/ __gnu_lto/d'\'''
lt_cv_sys_global_symbol_to_c_name_address='sed -n -e '\''s/^: \([^ ]*\)[ ]*$/  {\"\1\", (void *) 0},/p'\'' -e '\''s/^[ABCDGIRSTW]* \([^ ]*\) \([^ ]*\)$/  {"\2", (void *) \&\2},/p'\'''
lt_cv_sys_global_symbol_to_c_name_address_lib_prefix='sed -n -e '\''s/^: \([^ ]*\)[ ]*$/  {\"\1\", (void *) 0},/p'\'' -e '\''s/^[ABCDGIRSTW]* \([^ ]*\) \(lib[^ ]*\)$/  {"\2", (void *) \&\2},/p'\'' -e '\''s/^[ABCDGIRSTW]* \([^ ]*\) \([^ ]*\)$/  {"lib\2", (void *) \&\2},/p'\'''
lt_cv_sys_global_symbol_to_cdecl='sed -n -e '\''s/^T .* \(.*\)$/extern int \1();/p'\'' -e '\''s/^[ABCDGIRSTW]* .* \(.*\)$/extern char \1;/p'\'''
lt_cv_sys_max_cmd_len=1572864
lt_cv_to_host_file_cmd=func_convert_file_noop
lt_cv_to_tool_file_cmd=func_convert_file_noop

## ----------------- ##
## Output variables. ##
## ----------------- ##

ACLOCAL='${SHELL} /root/git/reading-and-annotate-lxc-1.0.9/lxcfs-lxcfs-2.0.0/missing aclocal-1.13'
AMDEPBACKSLASH='\'
AMDEP_FALSE='#'
AMDEP_TRUE=''
AMTAR='$${TAR-tar}'
AM_BACKSLASH='\'
AM_DEFAULT_V='$(AM_DEFAULT_VERBOSITY)'
AM_DEFAULT_VERBOSITY='1'
AM_V='$(V)'
AR='ar'
AUTOCONF='${SHELL} /root/git/reading-and-annotate-lxc-1.0.9/lxcfs-lxcfs-2.0.0/missing autoconf'
AUTOHEADER='${SHELL} /root/git/reading-and-annotate-lxc-1.0.9/lxcfs-lxcfs-2.0.0/missing autoheader'
AUTOMAKE='${SHELL} /root/git/reading-and-annotate-lxc-1.0.9/lxcfs-lxcfs-2.0.0/missing automake-1.13'
AWK='gawk'
BSD_FALSE=''
BSD_TRUE='#'
CC='gcc'
CCDEPMODE='depmode=gcc3'
CFLAGS='-Wall -W -Wno-sign-compare -Wstrict-prototypes -Wmissing-declarations -Wwrite-strings -g -O2 -fno-strict-aliasing'
CPP='gcc -E'
CPPFLAGS=''
CYGPATH_W='echo'
DEFS='-DHAVE_CONFIG_H'
DEPDIR='.deps'
DLLTOOL='false'
DSYMUTIL=''
DUMPBIN=''
ECHO_C=''
ECHO_N='-n'
ECHO_T=''
EGREP='/usr/bin/grep -E'
EXEEXT=''
FGREP='/usr/bin/grep -F'
GREP='/usr/bin/grep'
ICONV_FALSE='#'
ICONV_TRUE=''
INIT_D_PATH='/etc/init.d'
INSTALL_DATA='${INSTALL} -m 644'
INSTALL_PROGRAM='${INSTALL}'
INSTALL_SCRIPT='${INSTALL}'
INSTALL_STRIP_PROGRAM='$(install_sh) -c -s'
LD='/usr/bin/ld -m elf_x86_64'
LDFLAGS=''
LIBICONV=''
LIBOBJS=''
LIBS=''
LIBTOOL='$(SHELL) $(top_builddir)/libtool'
LINUX_FALSE='#'
LINUX_TRUE=''
LIPO=''
LN_S='ln -s'
LTLIBICONV=''
LTLIBOBJS=''
MAKEINFO='${SHELL} /root/git/reading-and-annotate-lxc-1.0.9/lxcfs-lxcfs-2.0.0/missing makeinfo'
MANIFEST_TOOL=':'
MKDIR_P='/usr/bin/mkdir -p'
MOUNT_FUSE_PATH='/sbin'
NM='/usr/bin/nm -B'
NMEDIT=''
OBJDUMP='objdump'
OBJEXT='o'
OTOOL64=''
OTOOL=''
PACKAGE='fuse'
PACKAGE_BUGREPORT=''
PACKAGE_NAME='fuse'
PACKAGE_STRING='fuse 2.8.7'
PACKAGE_TARNAME='fuse'
PACKAGE_URL=''
PACKAGE_VERSION='2.8.7'
PATH_SEPARATOR=':'
RANLIB='ranlib'
SED='/usr/bin/sed'
SET_MAKE=''
SHELL='/bin/sh'
STRIP='strip'
UDEV_RULES_PATH='/etc/udev/rules.d'
VERSION='2.8.7'
ac_ct_AR='ar'
ac_ct_CC='gcc'
ac_ct_DUMPBIN=''
am__EXEEXT_FALSE=''
am__EXEEXT_TRUE='#'
am__fastdepCC_FALSE='#'
am__fastdepCC_TRUE=''
am__include='include'
am__isrc=''
am__leading_dot='.'
am__nodep='_no'
am__quote=''
am__tar='$${TAR-tar} chof - "$$tardir"'
am__untar='$${TAR-tar} xf -'
bindir='${exec_prefix}/bin'
build='x86_64-unknown-linux-gnu'
build_alias=''
build_cpu='x86_64'
build_os='linux-gnu'
build_vendor='unknown'
datadir='${datarootdir}'
datarootdir='${prefix}/share'
docdir='${datarootdir}/doc/${PACKAGE_TARNAME}'
dvidir='${docdir}'
exec_prefix='${prefix}'
host='x86_64-unknown-linux-gnu'
host_alias=''
host_cpu='x86_64'
host_os='linux-gnu'
host_vendor='unknown'
htmldir='${docdir}'
includedir='${prefix}/include'
infodir='${datarootdir}/info'
install_sh='${SHELL} /root/git/reading-and-annotate-lxc-1.0.9/lxcfs-lxcfs-2.0.0/install-sh'
libdir='${exec_prefix}/lib'
libexecdir='${exec_prefix}/libexec'
libfuse_libs='-pthread -ldl  '
localedir='${datarootdir}/locale'
localstatedir='${prefix}/var'
mandir='${datarootdir}/man'
mkdir_p='$(MKDIR_P)'
oldincludedir='/usr/include'
pdfdir='${docdir}'
pkgconfigdir='${libdir}/pkgconfig'
prefix='/usr/local'
program_transform_name='s,x,x,'
psdir='${docdir}'
sbindir='${exec_prefix}/sbin'
sharedstatedir='${prefix}/com'
subdirs2='include lib util example'
sysconfdir='${prefix}/etc'
target='x86_64-unknown-linux-gnu'
target_alias=''
target_cpu='x86_64'
target_os='linux-gnu'
target_vendor='unknown'

## ----------- ##
## confdefs.h. ##
## ----------- ##

/* confdefs.h */
#define PACKAGE_NAME "fuse"
#define PACKAGE_TARNAME "fuse"
#define PACKAGE_VERSION "2.8.7"
#define PACKAGE_STRING "fuse 2.8.7"
#define PACKAGE_BUGREPORT ""
#define PACKAGE_URL ""
#define PACKAGE "fuse"
#define VERSION "2.8.7"
#define STDC_HEADERS 1
#define HAVE_SYS_TYPES_H 1
#define HAVE_SYS_STAT_H 1
#define HAVE_STDLIB_H 1
#define HAVE_STRING_H 1
#define HAVE_MEMORY_H 1
#define HAVE_STRINGS_H 1
#define HAVE_INTTYPES_H 1
#define HAVE_STDINT_H 1
#define HAVE_UNISTD_H 1
#define HAVE_DLFCN_H 1
#define LT_OBJDIR ".libs/"
#define HAVE_FORK 1
#define HAVE_SETXATTR 1
#define HAVE_FDATASYNC 1
#define HAVE_STRUCT_STAT_ST_ATIM 1
#define HAVE_ICONV 1
#define ICONV_CONST 

configure: exit 0
