hierarchies: 0: perf_event
 1: hugetlb
 2: freezer
 3: devices
 4: pids
 5: memory
 6: cpuset
 7: blkio
 8: cpuacct,cpu
 9: net_prio,net_cls
 10: name=systemd
get_procfile_size Internal error: truncated write to cache
get_procfile_size Internal error: truncated write to cache
get_procfile_size Internal error: truncated write to cache
get_procfile_size Internal error: truncated write to cache
get_procfile_size Internal error: truncated write to cache
get_procfile_size Internal error: truncated write to cache
get_procfile_size Internal error: truncated write to cache
get_procfile_size Internal error: truncated write to cache
get_procfile_size Internal error: truncated write to cache
get_procfile_size Internal error: truncated write to cache
get_procfile_size Internal error: truncated write to cache
get_procfile_size Internal error: truncated write to cache
get_procfile_size Internal error: truncated write to cache
get_procfile_size Internal error: truncated write to cache
get_procfile_size Internal error: truncated write to cache
get_procfile_size Internal error: truncated write to cache
get_procfile_size Internal error: truncated write to cache
get_procfile_size Internal error: truncated write to cache
get_procfile_size Internal error: truncated write to cache
get_procfile_size Internal error: truncated write to cache
get_procfile_size Internal error: truncated write to cache
get_procfile_size Internal error: truncated write to cache
get_procfile_size Internal error: truncated write to cache
get_procfile_size Internal error: truncated write to cache
get_procfile_size Internal error: truncated write to cache
get_procfile_size Internal error: truncated write to cache
get_procfile_size Internal error: truncated write to cache
get_procfile_size Internal error: truncated write to cache
get_procfile_size Internal error: truncated write to cache
get_procfile_size Internal error: truncated write to cache
get_procfile_size Internal error: truncated write to cache
get_procfile_size Internal error: truncated write to cache
get_procfile_size Internal error: truncated write to cache
get_procfile_size Internal error: truncated write to cache
get_procfile_size Internal error: truncated write to cache
get_procfile_size Internal error: truncated write to cache
get_procfile_size Internal error: truncated write to cache
get_procfile_size Internal error: truncated write to cache
get_procfile_size Internal error: truncated write to cache
get_procfile_size Internal error: truncated write to cache
get_procfile_size Internal error: truncated write to cache
get_procfile_size Internal error: truncated write to cache
get_procfile_size Internal error: truncated write to cache
get_procfile_size Internal error: truncated write to cache
get_procfile_size Internal error: truncated write to cache
get_procfile_size Internal error: truncated write to cache
get_procfile_size Internal error: truncated write to cache
get_procfile_size Internal error: truncated write to cache
get_procfile_size Internal error: truncated write to cache
yang test ......proc_open.... size:1454, type:2
yang test .... size:4096, offset:0, cache_size:1454, d->size:1454
yang test ......proc_open.... size:1454, type:2
yang test .... size:4096, offset:0, cache_size:1454, d->size:1454
yang test ......proc_open.... size:1454, type:2
yang test .... size:4096, offset:0, cache_size:1454, d->size:1454
yang test ......proc_open.... size:1454, type:2
yang test .... size:4096, offset:0, cache_size:1454, d->size:1454
yang test ......proc_open.... size:1454, type:2
yang test .... size:4096, offset:0, cache_size:1454, d->size:1454
yang test ......proc_open.... size:1454, type:2
yang test .... size:4096, offset:0, cache_size:1454, d->size:1454
yang test ......proc_open.... size:1454, type:2
yang test .... size:4096, offset:0, cache_size:1454, d->size:1454
yang test ......proc_open.... size:1454, type:2
yang test .... size:4096, offset:0, cache_size:1454, d->size:1454
yang test ......proc_open.... size:1454, type:2
yang test .... size:4096, offset:0, cache_size:1454, d->size:1454
yang test ......proc_open.... size:1454, type:2
yang test .... size:4096, offset:0, cache_size:1454, d->size:1454
yang test ......proc_open.... size:1454, type:2
yang test .... size:4096, offset:0, cache_size:1454, d->size:1454
yang test ......proc_open.... size:1454, type:2
yang test .... size:4096, offset:0, cache_size:1454, d->size:1454
yang test ......proc_open.... size:1454, type:2
yang test .... size:4096, offset:0, cache_size:1454, d->size:1454
yang test ......proc_open.... size:1454, type:2
yang test .... size:4096, offset:0, cache_size:1454, d->size:1454
yang test ......proc_open.... size:1454, type:2
yang test .... size:4096, offset:0, cache_size:1454, d->size:1454
yang test ......proc_open.... size:1454, type:2
yang test .... size:4096, offset:0, cache_size:1454, d->size:1454
yang test ......proc_open.... size:1454, type:2
yang test .... size:4096, offset:0, cache_size:1454, d->size:1454
yang test ......proc_open.... size:1454, type:2
yang test .... size:4096, offset:0, cache_size:1454, d->size:1454
yang test ......proc_open.... size:1454, type:2
yang test .... size:4096, offset:0, cache_size:1454, d->size:1454
yang test ......proc_open.... size:1454, type:2
yang test .... size:4096, offset:0, cache_size:1454, d->size:1454
yang test ......proc_open.... size:1454, type:2
yang test .... size:4096, offset:0, cache_size:1454, d->size:1454
yang test ......proc_open.... size:1454, type:2
yang test .... size:4096, offset:0, cache_size:1454, d->size:1454
yang test ......proc_open.... size:1454, type:2
yang test .... size:4096, offset:0, cache_size:1454, d->size:1454
yang test ......proc_open.... size:1454, type:2
yang test .... size:4096, offset:0, cache_size:1454, d->size:1454
yang test ......proc_open.... size:3413, type:5
yang test ......proc_open.... size:3413, type:5
yang test ......proc_open.... size:3413, type:5
yang test ......proc_open.... size:3413, type:5
yang test ......proc_open.... size:3413, type:5
yang test ......proc_open.... size:3414, type:5
yang test ......proc_open.... size:3414, type:5
yang test ......proc_open.... size:3414, type:5
yang test ......proc_open.... size:3414, type:5
yang test ......proc_open.... size:3414, type:5
yang test ......proc_open.... size:3414, type:5
yang test ......proc_open.... size:3414, type:5
yang test ......proc_open.... size:3414, type:5
yang test ......proc_open.... size:3414, type:5
yang test ......proc_open.... size:3414, type:5
yang test ......proc_open.... size:3414, type:5
yang test ......proc_open.... size:3414, type:5
yang test ......proc_open.... size:3414, type:5
yang test ......proc_open.... size:3414, type:5
yang test ......proc_open.... size:3414, type:5
yang test ......proc_open.... size:3414, type:5
yang test ......proc_open.... size:3414, type:5
yang test ......proc_open.... size:1454, type:2
yang test .... size:4096, offset:0, cache_size:1454, d->size:1454
yang test ......proc_open.... size:1454, type:2
yang test .... size:4096, offset:0, cache_size:1454, d->size:1454
ya